TN:
SF:src\config\app.js
FN:36,parseCsvList
FN:43,(anonymous_1)
FN:100,toNumber
FN:156,(anonymous_3)
FN:157,(anonymous_4)
FNF:5
FNH:2
FNDA:9,parseCsvList
FNDA:0,(anonymous_1)
FNDA:45,toNumber
FNDA:0,(anonymous_3)
FNDA:0,(anonymous_4)
DA:6,9
DA:8,9
DA:9,0
DA:12,0
DA:15,9
DA:16,0
DA:19,0
DA:23,9
DA:29,9
DA:30,9
DA:31,9
DA:37,9
DA:38,9
DA:41,0
DA:43,0
DA:46,0
DA:50,9
DA:69,9
DA:76,9
DA:82,9
DA:87,9
DA:92,9
DA:101,45
DA:102,45
DA:106,9
DA:119,9
DA:127,9
DA:129,9
DA:133,9
DA:134,0
DA:139,9
DA:145,9
DA:153,9
DA:156,0
DA:158,0
DA:161,9
LF:36
LH:26
BRDA:8,0,0,0
BRDA:8,0,1,9
BRDA:15,1,0,0
BRDA:15,1,1,9
BRDA:24,2,0,9
BRDA:24,2,1,0
BRDA:25,3,0,9
BRDA:25,3,1,0
BRDA:29,4,0,9
BRDA:29,4,1,9
BRDA:30,5,0,9
BRDA:30,5,1,0
BRDA:36,6,0,0
BRDA:37,7,0,9
BRDA:37,7,1,0
BRDA:37,8,0,9
BRDA:37,8,1,0
BRDA:46,9,0,0
BRDA:46,9,1,0
BRDA:52,10,0,9
BRDA:52,10,1,0
BRDA:54,11,0,9
BRDA:54,11,1,9
BRDA:54,11,2,0
BRDA:56,12,0,9
BRDA:56,12,1,0
BRDA:61,13,0,9
BRDA:61,13,1,0
BRDA:62,14,0,9
BRDA:62,14,1,0
BRDA:88,15,0,9
BRDA:88,15,1,0
BRDA:93,16,0,9
BRDA:93,16,1,9
BRDA:95,17,0,9
BRDA:95,17,1,9
BRDA:97,18,0,9
BRDA:97,18,1,9
BRDA:102,19,0,0
BRDA:102,19,1,45
BRDA:120,20,0,9
BRDA:120,20,1,0
BRDA:129,21,0,9
BRDA:129,21,1,0
BRDA:129,22,0,9
BRDA:129,22,1,9
BRDA:133,23,0,0
BRDA:133,23,1,9
BRDA:141,24,0,9
BRDA:141,24,1,9
BRF:50
BRH:30
end_of_record
TN:
SF:src\config\cron\tasks.js
FN:11,checkNews
FN:23,syncUserGroup
FN:54,syncAllUsers
FN:67,syncWishlists
FNF:4
FNH:0
FNDA:0,checkNews
FNDA:0,syncUserGroup
FNDA:0,syncAllUsers
FNDA:0,syncWishlists
DA:7,0
DA:8,0
DA:9,0
DA:12,0
DA:13,0
DA:24,0
DA:26,0
DA:28,0
DA:29,0
DA:33,0
DA:42,0
DA:43,0
DA:55,0
DA:56,0
DA:68,0
DA:70,0
DA:72,0
DA:76,0
DA:80,0
DA:93,0
DA:97,0
DA:98,0
DA:99,0
DA:110,0
DA:118,0
DA:126,0
LF:26
LH:0
BRDA:23,0,0,0
BRDA:24,1,0,0
BRDA:24,2,0,0
BRDA:26,3,0,0
BRDA:26,3,1,0
BRDA:28,4,0,0
BRDA:28,4,1,0
BRDA:34,5,0,0
BRDA:34,5,1,0
BRDA:44,6,0,0
BRDA:44,6,1,0
BRDA:57,7,0,0
BRDA:57,7,1,0
BRDA:67,8,0,0
BRDA:68,9,0,0
BRDA:68,10,0,0
BRDA:70,11,0,0
BRDA:70,11,1,0
BRDA:72,12,0,0
BRDA:72,12,1,0
BRDA:73,13,0,0
BRDA:73,13,1,0
BRDA:83,14,0,0
BRDA:83,14,1,0
BRDA:84,15,0,0
BRDA:84,15,1,0
BRDA:85,16,0,0
BRDA:85,16,1,0
BRDA:93,17,0,0
BRDA:93,17,1,0
BRDA:94,18,0,0
BRDA:94,18,1,0
BRDA:97,19,0,0
BRDA:97,19,1,0
BRDA:102,20,0,0
BRDA:102,20,1,0
BRDA:102,20,2,0
BRDA:103,21,0,0
BRDA:103,21,1,0
BRDA:104,22,0,0
BRDA:104,22,1,0
BRF:41
BRH:0
end_of_record
TN:
SF:src\database\connection.js
FN:16,connectDatabase
FN:36,disconnectDatabase
FN:48,setupGracefulShutdown
FN:49,(anonymous_3)
FN:59,(anonymous_4)
FN:60,(anonymous_5)
FNF:6
FNH:0
FNDA:0,connectDatabase
FNDA:0,disconnectDatabase
FNDA:0,setupGracefulShutdown
FNDA:0,(anonymous_3)
FNDA:0,(anonymous_4)
FNDA:0,(anonymous_5)
DA:6,0
DA:7,0
DA:8,0
DA:9,0
DA:10,0
DA:11,0
DA:17,0
DA:18,0
DA:19,0
DA:23,0
DA:24,0
DA:26,0
DA:28,0
DA:29,0
DA:37,0
DA:38,0
DA:39,0
DA:41,0
DA:49,0
DA:50,0
DA:54,0
DA:55,0
DA:56,0
DA:59,0
DA:60,0
DA:63,0
LF:26
LH:0
BRF:0
BRH:0
end_of_record
TN:
SF:src\middleware\adminAuth.js
FN:29,safeBearerEqual
FN:48,isCookieSessionValid
FN:61,isBearerValid
FN:74,adminAuth
FNF:4
FNH:4
FNDA:9,safeBearerEqual
FNDA:18,isCookieSessionValid
FNDA:16,isBearerValid
FNDA:19,adminAuth
DA:23,2
DA:24,2
DA:26,2
DA:27,2
DA:30,9
DA:31,9
DA:33,9
DA:35,2
DA:36,2
DA:39,7
DA:49,18
DA:50,18
DA:52,4
DA:53,4
DA:54,4
DA:56,4
DA:58,3
DA:62,16
DA:63,16
DA:65,16
DA:66,16
DA:68,10
DA:69,10
DA:71,9
DA:76,19
DA:79,19
DA:80,1
DA:86,18
DA:87,8
DA:93,10
DA:96,2
DA:97,2
LF:32
LH:32
BRDA:33,0,0,2
BRDA:33,0,1,7
BRDA:49,1,0,18
BRDA:49,1,1,18
BRDA:50,2,0,14
BRDA:50,2,1,4
BRDA:50,3,0,18
BRDA:50,3,1,4
BRDA:56,4,0,1
BRDA:56,4,1,3
BRDA:56,5,0,4
BRDA:56,5,1,3
BRDA:63,6,0,0
BRDA:63,6,1,16
BRDA:66,7,0,6
BRDA:66,7,1,10
BRDA:66,8,0,16
BRDA:66,8,1,11
BRDA:69,9,0,1
BRDA:69,9,1,9
BRDA:76,10,0,19
BRDA:76,10,1,1
BRDA:76,10,2,0
BRDA:79,11,0,1
BRDA:79,11,1,18
BRDA:86,12,0,8
BRDA:86,12,1,10
BRDA:86,13,0,18
BRDA:86,13,1,16
BRF:29
BRH:27
end_of_record
TN:
SF:src\middleware\auth.js
FN:15,verifySteamOpenIdSignature
FN:48,(anonymous_1)
FN:101,(anonymous_2)
FNF:3
FNH:3
FNDA:9,verifySteamOpenIdSignature
FNDA:13,(anonymous_1)
FNDA:7,(anonymous_2)
DA:6,2
DA:7,2
DA:9,2
DA:18,9
DA:20,9
DA:21,49
DA:22,45
DA:26,9
DA:28,9
DA:29,9
DA:36,8
DA:37,8
DA:39,1
DA:40,1
DA:48,2
DA:49,13
DA:51,13
DA:52,3
DA:61,3
DA:67,10
DA:68,10
DA:70,10
DA:74,1
DA:78,1
DA:84,9
DA:86,9
DA:87,3
DA:88,3
DA:93,6
DA:101,2
DA:102,7
DA:103,7
DA:106,2
LF:33
LH:33
BRDA:21,0,0,45
BRDA:21,0,1,4
BRDA:36,1,0,8
BRDA:36,1,1,0
BRDA:51,2,0,3
BRDA:51,2,1,10
BRDA:51,3,0,13
BRDA:51,3,1,11
BRDA:51,3,2,10
BRDA:55,4,0,3
BRDA:55,4,1,0
BRDA:68,5,0,10
BRDA:68,5,1,0
BRDA:70,6,0,1
BRDA:70,6,1,9
BRDA:71,7,0,10
BRDA:71,7,1,9
BRDA:71,7,2,9
BRDA:86,8,0,3
BRDA:86,8,1,6
BRDA:103,9,0,4
BRDA:103,9,1,3
BRDA:103,10,0,7
BRDA:103,10,1,4
BRF:24
BRH:21
end_of_record
TN:
SF:src\middleware\errorHandler.js
FN:8,(anonymous_0)
FN:27,(anonymous_1)
FNF:2
FNH:2
FNDA:6,(anonymous_0)
FNDA:2,(anonymous_1)
DA:6,8
DA:8,8
DA:9,6
DA:18,6
DA:19,1
DA:24,5
DA:25,1
DA:27,2
DA:31,4
DA:36,8
LF:10
LH:10
BRDA:18,0,0,1
BRDA:18,0,1,5
BRDA:24,1,0,1
BRDA:24,1,1,4
BRDA:31,2,0,4
BRDA:31,2,1,2
BRDA:32,3,0,4
BRDA:32,3,1,1
BRF:8
BRH:8
end_of_record
TN:
SF:src\middleware\mobileSessionAuth.js
FN:6,mobileSessionAuth
FN:24,requireMobileAdmin
FNF:2
FNH:2
FNDA:12,mobileSessionAuth
FNDA:9,requireMobileAdmin
DA:1,2
DA:2,2
DA:4,2
DA:7,12
DA:9,12
DA:10,3
DA:13,9
DA:14,9
DA:16,9
DA:17,2
DA:20,7
DA:21,7
DA:25,9
DA:27,9
DA:28,3
DA:31,6
DA:34,2
LF:17
LH:17
BRDA:9,0,0,3
BRDA:9,0,1,9
BRDA:9,1,0,12
BRDA:9,1,1,10
BRDA:16,2,0,2
BRDA:16,2,1,7
BRDA:27,3,0,3
BRDA:27,3,1,6
BRF:8
BRH:8
end_of_record
TN:
SF:src\middleware\rateLimiter.js
FN:19,(anonymous_0)
FN:21,(anonymous_1)
FNF:2
FNH:2
FNDA:31,(anonymous_0)
FNDA:53,(anonymous_1)
DA:1,2
DA:11,2
DA:13,2
DA:20,31
DA:21,53
DA:25,2
DA:33,2
DA:41,2
DA:51,2
DA:59,2
LF:10
LH:10
BRDA:20,0,0,31
BRDA:20,0,1,0
BRF:2
BRH:1
end_of_record
TN:
SF:src\middleware\steamValidators.js
FN:13,isValidSteamId
FN:22,isValidAppId
FN:29,validateSteamId
FN:42,validateBodySteamId
FN:55,validateAppId
FN:73,clampQueryInt
FNF:6
FNH:6
FNDA:94,isValidSteamId
FNDA:22,isValidAppId
FNDA:49,validateSteamId
FNDA:5,validateBodySteamId
FNDA:5,validateAppId
FNDA:18,clampQueryInt
DA:5,8
DA:6,8
DA:14,94
DA:23,22
DA:30,49
DA:32,49
DA:33,3
DA:36,46
DA:43,5
DA:45,5
DA:46,2
DA:49,3
DA:56,5
DA:58,5
DA:59,1
DA:62,4
DA:74,18
DA:75,7
DA:78,11
DA:80,11
DA:81,1
DA:84,10
DA:87,8
LF:23
LH:23
BRDA:14,0,0,94
BRDA:14,0,1,89
BRDA:23,1,0,22
BRDA:23,1,1,20
BRDA:23,1,2,14
BRDA:32,2,0,3
BRDA:32,2,1,46
BRDA:43,3,0,5
BRDA:43,3,1,1
BRDA:45,4,0,2
BRDA:45,4,1,3
BRDA:58,5,0,1
BRDA:58,5,1,4
BRDA:74,6,0,7
BRDA:74,6,1,11
BRDA:74,7,0,18
BRDA:74,7,1,13
BRDA:74,7,2,12
BRDA:80,8,0,1
BRDA:80,8,1,10
BRF:20
BRH:20
end_of_record
TN:
SF:src\middleware\userValidators.js
FN:13,validateUserExists
FN:35,validateActiveGamesFormat
FNF:2
FNH:2
FNDA:28,validateUserExists
FNDA:8,validateActiveGamesFormat
DA:5,2
DA:14,28
DA:15,28
DA:16,28
DA:18,27
DA:19,2
DA:22,25
DA:23,25
DA:25,1
DA:26,1
DA:36,8
DA:39,2
LF:12
LH:12
BRDA:18,0,0,2
BRDA:18,0,1,25
BRF:2
BRH:2
end_of_record
TN:
SF:src\models\Game.js
FNF:0
FNH:0
DA:1,21
DA:18,21
DA:39,21
LF:3
LH:3
BRF:0
BRH:0
end_of_record
TN:
SF:src\models\GameSubscription.js
FN:47,(anonymous_0)
FNF:1
FNH:1
FNDA:46,(anonymous_0)
DA:1,21
DA:3,21
DA:42,21
DA:44,21
DA:47,21
DA:48,46
DA:49,46
DA:52,21
LF:8
LH:8
BRF:0
BRH:0
end_of_record
TN:
SF:src\models\User.js
FN:32,(anonymous_0)
FN:53,(anonymous_1)
FN:222,(anonymous_2)
FN:225,(anonymous_3)
FNF:4
FNH:4
FNDA:164,(anonymous_0)
FNDA:162,(anonymous_1)
FNDA:6,(anonymous_2)
FNDA:9,(anonymous_3)
DA:1,21
DA:3,21
DA:33,164
DA:54,162
DA:221,21
DA:223,6
DA:224,6
DA:226,9
DA:234,6
DA:238,21
LF:10
LH:10
BRDA:223,0,0,6
BRDA:223,0,1,0
BRDA:226,1,0,7
BRDA:226,1,1,2
BRDA:226,2,0,9
BRDA:226,2,1,8
BRDA:226,2,2,7
BRDA:228,3,0,1
BRDA:228,3,1,1
BRF:9
BRH:8
end_of_record
TN:
SF:src\models\UserNewsState.js
FNF:0
FNH:0
DA:1,21
DA:3,21
DA:34,21
DA:37,21
DA:39,21
LF:5
LH:5
BRF:0
BRH:0
end_of_record
TN:
SF:src\models\Wishlist.js
FNF:0
FNH:0
DA:1,21
DA:19,21
DA:36,21
LF:3
LH:3
BRF:0
BRH:0
end_of_record
TN:
SF:src\routes\admin.js
FN:40,(anonymous_0)
FN:40,(anonymous_1)
FN:49,renderDashboard
FN:91,(anonymous_3)
FN:127,(anonymous_4)
FN:137,(anonymous_5)
FN:146,(anonymous_6)
FN:155,(anonymous_7)
FN:164,(anonymous_8)
FNF:9
FNH:9
FNDA:5,(anonymous_0)
FNDA:10,(anonymous_1)
FNDA:4,renderDashboard
FNDA:5,(anonymous_3)
FNDA:1,(anonymous_4)
FNDA:2,(anonymous_5)
FNDA:1,(anonymous_6)
FNDA:1,(anonymous_7)
FNDA:1,(anonymous_8)
DA:20,1
DA:21,1
DA:22,1
DA:23,1
DA:24,1
DA:26,1
DA:28,1
DA:29,1
DA:30,1
DA:32,1
DA:33,1
DA:38,1
DA:40,5
DA:41,10
DA:45,1
DA:47,1
DA:50,4
DA:62,4
DA:76,4
DA:77,4
DA:78,4
DA:80,4
DA:81,4
DA:86,1
DA:88,1
DA:92,5
DA:94,5
DA:95,5
DA:97,5
DA:99,5
DA:101,3
DA:104,2
DA:105,2
DA:106,0
DA:111,2
DA:112,2
DA:114,2
DA:123,2
DA:127,1
DA:128,1
DA:129,1
DA:134,1
DA:138,2
DA:139,2
DA:143,1
DA:147,1
DA:148,1
DA:152,1
DA:156,1
DA:157,1
DA:161,1
DA:165,1
DA:166,1
DA:170,1
LF:54
LH:53
BRDA:92,0,0,4
BRDA:92,0,1,1
BRDA:95,1,0,5
BRDA:95,1,1,1
BRDA:99,2,0,3
BRDA:99,2,1,2
BRDA:99,3,0,5
BRDA:99,3,1,4
BRDA:105,4,0,0
BRDA:105,4,1,2
BRF:10
BRH:9
end_of_record
TN:
SF:src\routes\auth.js
FN:28,(anonymous_0)
FN:38,(anonymous_1)
FN:51,(anonymous_2)
FN:59,(anonymous_3)
FN:63,(anonymous_4)
FN:67,(anonymous_5)
FN:80,(anonymous_6)
FN:120,(anonymous_7)
FN:159,(anonymous_8)
FNF:9
FNH:9
FNDA:16,(anonymous_0)
FNDA:9,(anonymous_1)
FNDA:7,(anonymous_2)
FNDA:3,(anonymous_3)
FNDA:6,(anonymous_4)
FNDA:16,(anonymous_5)
FNDA:4,(anonymous_6)
FNDA:3,(anonymous_7)
FNDA:3,(anonymous_8)
DA:6,1
DA:7,1
DA:9,1
DA:13,1
DA:18,1
DA:23,1
DA:24,1
DA:26,1
DA:28,1
DA:29,16
DA:30,1
DA:32,15
DA:33,0
DA:35,15
DA:38,1
DA:39,9
DA:40,0
DA:43,9
DA:44,9
DA:45,0
DA:48,9
DA:51,1
DA:52,7
DA:53,0
DA:56,7
DA:59,3
DA:63,6
DA:67,1
DA:68,16
DA:69,0
DA:70,0
DA:73,16
DA:80,1
DA:81,4
DA:82,4
DA:85,4
DA:86,4
DA:88,4
DA:99,4
DA:101,4
DA:106,4
DA:112,0
DA:113,0
DA:120,1
DA:121,3
DA:123,3
DA:124,0
DA:127,3
DA:129,3
DA:130,1
DA:133,2
DA:134,0
DA:137,2
DA:138,1
DA:140,1
DA:144,1
DA:152,1
DA:159,1
DA:160,3
DA:161,3
DA:163,3
DA:171,3
DA:172,3
DA:174,3
DA:175,0
DA:178,0
DA:183,3
DA:189,3
DA:190,3
DA:191,3
DA:193,0
DA:198,3
DA:199,2
DA:200,2
DA:208,3
DA:212,3
DA:215,3
DA:217,0
DA:218,0
DA:224,1
LF:80
LH:65
BRDA:29,0,0,1
BRDA:29,0,1,15
BRDA:29,1,0,16
BRDA:29,1,1,15
BRDA:32,2,0,0
BRDA:32,2,1,15
BRDA:39,3,0,0
BRDA:39,3,1,9
BRDA:44,4,0,0
BRDA:44,4,1,9
BRDA:52,5,0,0
BRDA:52,5,1,7
BRDA:67,6,0,0
BRDA:68,7,0,0
BRDA:68,7,1,16
BRDA:68,8,0,16
BRDA:68,8,1,16
BRDA:123,9,0,0
BRDA:123,9,1,3
BRDA:129,10,0,1
BRDA:129,10,1,2
BRDA:133,11,0,0
BRDA:133,11,1,2
BRDA:137,12,0,1
BRDA:137,12,1,1
BRDA:161,13,0,3
BRDA:161,13,1,1
BRDA:164,14,0,3
BRDA:164,14,1,0
BRDA:165,15,0,3
BRDA:165,15,1,0
BRDA:166,16,0,3
BRDA:166,16,1,0
BRDA:174,17,0,0
BRDA:174,17,1,3
BRDA:176,18,0,0
BRDA:176,18,1,0
BRDA:198,19,0,2
BRDA:198,19,1,1
BRDA:208,20,0,2
BRDA:208,20,1,1
BRF:41
BRH:27
end_of_record
TN:
SF:src\routes\debug.js
FN:9,resolveGameName
FN:27,(anonymous_1)
FN:68,(anonymous_2)
FNF:3
FNH:0
FNDA:0,resolveGameName
FNDA:0,(anonymous_1)
FNDA:0,(anonymous_2)
DA:1,0
DA:2,0
DA:3,0
DA:4,0
DA:5,0
DA:6,0
DA:7,0
DA:10,0
DA:13,0
DA:14,0
DA:15,0
DA:16,0
DA:27,0
DA:28,0
DA:30,0
DA:31,0
DA:34,0
DA:35,0
DA:38,0
DA:39,0
DA:41,0
DA:51,0
DA:52,0
DA:57,0
DA:68,0
DA:69,0
DA:71,0
DA:72,0
DA:75,0
DA:77,0
DA:78,0
DA:79,0
DA:80,0
DA:82,0
DA:83,0
DA:87,0
LF:36
LH:0
BRDA:13,0,0,0
BRDA:13,0,1,0
BRDA:15,1,0,0
BRDA:15,1,1,0
BRDA:30,2,0,0
BRDA:30,2,1,0
BRDA:34,3,0,0
BRDA:34,3,1,0
BRDA:34,4,0,0
BRDA:34,4,1,0
BRDA:39,5,0,0
BRDA:39,5,1,0
BRDA:51,6,0,0
BRDA:51,6,1,0
BRDA:71,7,0,0
BRDA:71,7,1,0
BRF:16
BRH:0
end_of_record
TN:
SF:src\routes\feedback.js
FN:10,(anonymous_0)
FNF:1
FNH:1
FNDA:4,(anonymous_0)
DA:1,1
DA:6,1
DA:8,1
DA:10,1
DA:11,4
DA:12,4
DA:14,4
DA:15,2
DA:20,2
DA:22,1
DA:27,1
DA:31,1
LF:12
LH:12
BRDA:14,0,0,2
BRDA:14,0,1,2
BRDA:16,1,0,2
BRDA:16,1,1,1
BRF:4
BRH:4
end_of_record
TN:
SF:src\routes\mobileAdmin.js
FN:19,(anonymous_0)
FN:19,(anonymous_1)
FN:24,(anonymous_2)
FN:30,(anonymous_3)
FN:38,(anonymous_4)
FN:46,(anonymous_5)
FN:54,(anonymous_6)
FNF:7
FNH:7
FNDA:4,(anonymous_0)
FNDA:4,(anonymous_1)
FNDA:1,(anonymous_2)
FNDA:1,(anonymous_3)
FNDA:1,(anonymous_4)
FNDA:1,(anonymous_5)
FNDA:1,(anonymous_6)
DA:9,1
DA:14,1
DA:15,1
DA:17,1
DA:19,4
DA:20,4
DA:22,1
DA:24,1
DA:25,1
DA:28,1
DA:31,1
DA:32,1
DA:36,1
DA:39,1
DA:40,1
DA:44,1
DA:47,1
DA:48,1
DA:52,1
DA:55,1
DA:56,1
DA:60,1
LF:22
LH:22
BRF:0
BRH:0
end_of_record
TN:
SF:src\routes\news.js
FN:9,(anonymous_0)
FN:33,(anonymous_1)
FNF:2
FNH:2
FNDA:4,(anonymous_0)
FNDA:8,(anonymous_1)
DA:1,1
DA:2,1
DA:3,1
DA:4,1
DA:5,1
DA:6,1
DA:7,1
DA:9,1
DA:10,4
DA:11,4
DA:13,4
DA:14,1
DA:17,3
DA:19,3
DA:27,2
DA:29,1
DA:33,1
DA:34,8
DA:35,8
DA:37,8
DA:38,1
DA:41,7
DA:43,7
DA:44,7
DA:45,7
DA:48,7
DA:59,7
DA:61,0
DA:62,0
DA:66,1
LF:30
LH:28
BRDA:13,0,0,1
BRDA:13,0,1,3
BRDA:24,1,0,1
BRDA:24,1,1,2
BRDA:37,2,0,1
BRDA:37,2,1,7
BRDA:37,3,0,8
BRDA:37,3,1,8
BRDA:43,4,0,7
BRDA:43,4,1,0
BRDA:43,5,0,7
BRDA:43,5,1,7
BRDA:50,6,0,1
BRDA:50,6,1,6
BRDA:51,7,0,1
BRDA:51,7,1,6
BRDA:54,8,0,1
BRDA:54,8,1,6
BRF:18
BRH:17
end_of_record
TN:
SF:src\routes\steam.js
FN:27,hasSteamPlaytimeFields
FN:39,getWishlistVisibilityState
FN:66,(anonymous_2)
FN:91,(anonymous_3)
FN:131,(anonymous_4)
FN:136,(anonymous_5)
FN:140,(anonymous_6)
FN:148,(anonymous_7)
FN:148,(anonymous_8)
FN:174,(anonymous_9)
FN:195,(anonymous_10)
FN:208,(anonymous_11)
FN:226,(anonymous_12)
FN:244,(anonymous_13)
FN:252,(anonymous_14)
FN:253,(anonymous_15)
FN:267,(anonymous_16)
FN:277,(anonymous_17)
FN:306,(anonymous_18)
FN:357,(anonymous_19)
FN:363,(anonymous_20)
FNF:21
FNH:17
FNDA:1,hasSteamPlaytimeFields
FNDA:1,getWishlistVisibilityState
FNDA:2,(anonymous_2)
FNDA:4,(anonymous_3)
FNDA:1,(anonymous_4)
FNDA:1,(anonymous_5)
FNDA:1,(anonymous_6)
FNDA:0,(anonymous_7)
FNDA:0,(anonymous_8)
FNDA:1,(anonymous_9)
FNDA:1,(anonymous_10)
FNDA:2,(anonymous_11)
FNDA:2,(anonymous_12)
FNDA:2,(anonymous_13)
FNDA:2,(anonymous_14)
FNDA:3,(anonymous_15)
FNDA:1,(anonymous_16)
FNDA:4,(anonymous_17)
FNDA:2,(anonymous_18)
FNDA:0,(anonymous_19)
FNDA:0,(anonymous_20)
DA:5,1
DA:6,1
DA:7,1
DA:8,1
DA:9,1
DA:10,1
DA:11,1
DA:12,1
DA:17,1
DA:18,1
DA:19,1
DA:23,1
DA:24,1
DA:25,1
DA:28,1
DA:29,0
DA:32,1
DA:40,1
DA:41,1
DA:42,1
DA:48,0
DA:52,0
DA:66,1
DA:67,2
DA:68,2
DA:70,2
DA:74,2
DA:75,1
DA:79,1
DA:86,0
DA:87,0
DA:91,1
DA:92,4
DA:93,4
DA:95,4
DA:96,0
DA:97,0
DA:101,4
DA:105,4
DA:106,1
DA:107,1
DA:108,0
DA:111,1
DA:117,4
DA:121,4
DA:122,1
DA:125,3
DA:127,3
DA:128,2
DA:131,1
DA:132,1
DA:136,1
DA:140,1
DA:141,1
DA:142,0
DA:143,0
DA:145,0
DA:146,0
DA:147,0
DA:148,0
DA:151,0
DA:152,0
DA:153,0
DA:154,0
DA:160,0
DA:161,0
DA:162,0
DA:166,0
DA:169,0
DA:170,0
DA:174,1
DA:175,1
DA:176,1
DA:178,1
DA:182,1
DA:195,1
DA:196,1
DA:197,1
DA:200,1
DA:202,0
DA:203,0
DA:208,1
DA:209,2
DA:210,2
DA:213,2
DA:215,2
DA:216,1
DA:219,1
DA:221,0
DA:226,1
DA:227,2
DA:228,2
DA:230,2
DA:231,0
DA:232,0
DA:235,2
DA:239,2
DA:240,1
DA:241,1
DA:244,2
DA:245,1
DA:249,1
DA:251,1
DA:253,3
DA:254,2
DA:256,2
DA:267,1
DA:269,1
DA:270,1
DA:272,0
DA:273,0
DA:277,1
DA:278,4
DA:279,4
DA:281,4
DA:282,2
DA:287,2
DA:288,1
DA:293,1
DA:298,1
DA:300,0
DA:301,0
DA:306,1
DA:307,2
DA:308,2
DA:311,2
DA:313,2
DA:314,1
DA:316,1
DA:317,0
DA:320,1
DA:331,1
DA:334,1
DA:335,1
DA:336,0
DA:339,1
DA:340,1
DA:342,1
DA:344,1
DA:352,0
DA:353,0
DA:357,1
DA:358,0
DA:359,0
DA:361,0
DA:364,0
DA:368,0
DA:373,0
DA:374,0
DA:376,0
DA:377,0
DA:387,0
DA:388,0
DA:389,0
DA:392,0
DA:393,0
DA:394,0
DA:395,0
DA:401,0
DA:402,0
DA:409,0
DA:411,0
DA:420,0
DA:421,0
DA:425,1
LF:165
LH:106
BRDA:28,0,0,0
BRDA:28,0,1,1
BRDA:28,1,0,1
BRDA:28,1,1,1
BRDA:33,2,0,1
BRDA:33,2,1,0
BRDA:33,2,2,0
BRDA:43,3,0,1
BRDA:43,3,1,1
BRDA:44,4,0,1
BRDA:44,4,1,0
BRDA:45,5,0,1
BRDA:45,5,1,0
BRDA:50,6,0,0
BRDA:50,6,1,0
BRDA:74,7,0,1
BRDA:74,7,1,1
BRDA:80,8,0,1
BRDA:80,8,1,0
BRDA:81,9,0,0
BRDA:81,9,1,1
BRDA:95,10,0,0
BRDA:95,10,1,4
BRDA:101,11,0,4
BRDA:101,11,1,3
BRDA:101,11,2,3
BRDA:105,12,0,1
BRDA:105,12,1,3
BRDA:107,13,0,0
BRDA:107,13,1,1
BRDA:121,14,0,1
BRDA:121,14,1,3
BRDA:125,15,0,3
BRDA:125,15,1,0
BRDA:127,16,0,2
BRDA:127,16,1,1
BRDA:141,17,0,0
BRDA:141,17,1,1
BRDA:153,18,0,0
BRDA:153,18,1,0
BRDA:160,19,0,0
BRDA:160,19,1,0
BRDA:169,20,0,0
BRDA:169,20,1,0
BRDA:178,21,0,1
BRDA:178,21,1,0
BRDA:178,22,0,1
BRDA:178,22,1,1
BRDA:184,23,0,1
BRDA:184,23,1,0
BRDA:185,24,0,1
BRDA:185,24,1,0
BRDA:186,25,0,1
BRDA:186,25,1,0
BRDA:187,26,0,1
BRDA:187,26,1,0
BRDA:189,27,0,1
BRDA:189,27,1,0
BRDA:215,28,0,1
BRDA:215,28,1,1
BRDA:230,29,0,0
BRDA:230,29,1,2
BRDA:239,30,0,1
BRDA:239,30,1,1
BRDA:239,31,0,2
BRDA:239,31,1,2
BRDA:254,32,0,0
BRDA:254,32,1,2
BRDA:258,33,0,2
BRDA:258,33,1,0
BRDA:259,34,0,2
BRDA:259,34,1,0
BRDA:260,35,0,2
BRDA:260,35,1,0
BRDA:281,36,0,2
BRDA:281,36,1,2
BRDA:281,37,0,4
BRDA:281,37,1,3
BRDA:287,38,0,1
BRDA:287,38,1,1
BRDA:313,39,0,1
BRDA:313,39,1,1
BRDA:313,40,0,2
BRDA:313,40,1,2
BRDA:316,41,0,0
BRDA:316,41,1,1
BRDA:335,42,0,0
BRDA:335,42,1,1
BRDA:366,43,0,0
BRDA:366,43,1,0
BRDA:373,44,0,0
BRDA:373,44,1,0
BRDA:374,45,0,0
BRDA:374,45,1,0
BRDA:376,46,0,0
BRDA:376,46,1,0
BRDA:376,47,0,0
BRDA:376,47,1,0
BRDA:388,48,0,0
BRDA:388,48,1,0
BRDA:392,49,0,0
BRDA:392,49,1,0
BRDA:394,50,0,0
BRDA:394,50,1,0
BRDA:401,51,0,0
BRDA:401,51,1,0
BRDA:409,52,0,0
BRDA:409,52,1,0
BRDA:416,53,0,0
BRDA:416,53,1,0
BRDA:417,54,0,0
BRDA:417,54,1,0
BRF:112
BRH:56
end_of_record
TN:
SF:src\routes\users.js
FN:38,(anonymous_0)
FN:53,(anonymous_1)
FN:62,(anonymous_2)
FN:82,(anonymous_3)
FN:105,(anonymous_4)
FN:139,(anonymous_5)
FN:172,(anonymous_6)
FN:185,(anonymous_7)
FN:211,(anonymous_8)
FN:236,(anonymous_9)
FN:283,(anonymous_10)
FN:318,(anonymous_11)
FN:333,(anonymous_12)
FN:359,(anonymous_13)
FN:369,(anonymous_14)
FN:381,(anonymous_15)
FN:398,(anonymous_16)
FN:453,(anonymous_17)
FN:496,(anonymous_18)
FNF:19
FNH:18
FNDA:2,(anonymous_0)
FNDA:1,(anonymous_1)
FNDA:0,(anonymous_2)
FNDA:2,(anonymous_3)
FNDA:5,(anonymous_4)
FNDA:1,(anonymous_5)
FNDA:3,(anonymous_6)
FNDA:1,(anonymous_7)
FNDA:2,(anonymous_8)
FNDA:3,(anonymous_9)
FNDA:2,(anonymous_10)
FNDA:3,(anonymous_11)
FNDA:1,(anonymous_12)
FNDA:1,(anonymous_13)
FNDA:1,(anonymous_14)
FNDA:2,(anonymous_15)
FNDA:2,(anonymous_16)
FNDA:4,(anonymous_17)
FNDA:2,(anonymous_18)
DA:1,1
DA:2,1
DA:3,1
DA:4,1
DA:5,1
DA:9,1
DA:15,1
DA:16,1
DA:20,1
DA:24,1
DA:25,1
DA:29,1
DA:34,1
DA:38,1
DA:39,2
DA:40,2
DA:43,2
DA:45,1
DA:47,1
DA:48,1
DA:53,1
DA:54,1
DA:55,1
DA:56,1
DA:59,1
DA:61,1
DA:62,1
DA:63,0
DA:66,0
DA:71,0
DA:72,0
DA:78,1
DA:83,2
DA:84,2
DA:85,2
DA:86,2
DA:87,1
DA:90,1
DA:91,1
DA:93,1
DA:95,0
DA:99,0
DA:105,1
DA:106,5
DA:107,5
DA:108,5
DA:111,5
DA:112,1
DA:118,4
DA:119,1
DA:125,3
DA:126,3
DA:127,1
DA:133,2
DA:134,0
DA:138,2
DA:139,1
DA:142,2
DA:144,1
DA:146,1
DA:148,1
DA:151,1
DA:156,1
DA:159,2
DA:161,2
DA:166,0
DA:167,0
DA:172,1
DA:173,3
DA:174,3
DA:175,3
DA:177,3
DA:178,1
DA:182,2
DA:183,2
DA:185,1
DA:187,2
DA:189,2
DA:190,1
DA:193,1
DA:195,1
DA:196,1
DA:201,0
DA:202,0
DA:207,1
DA:212,2
DA:213,2
DA:214,2
DA:216,2
DA:217,1
DA:222,1
DA:224,1
DA:225,1
DA:227,1
DA:229,0
DA:230,0
DA:236,1
DA:237,3
DA:238,3
DA:239,3
DA:241,3
DA:242,1
DA:246,2
DA:247,1
DA:253,1
DA:262,1
DA:263,0
DA:267,1
DA:269,1
DA:271,0
DA:272,0
DA:278,1
DA:284,2
DA:285,2
DA:288,2
DA:289,1
DA:293,1
DA:302,1
DA:303,0
DA:307,1
DA:309,1
DA:311,0
DA:312,0
DA:318,1
DA:319,3
DA:320,3
DA:321,3
DA:322,1
DA:327,2
DA:328,2
DA:329,0
DA:332,2
DA:333,1
DA:336,2
DA:337,1
DA:343,1
DA:346,2
DA:348,0
DA:349,0
DA:354,1
DA:360,1
DA:361,1
DA:362,1
DA:364,1
DA:365,0
DA:368,1
DA:369,1
DA:371,1
DA:373,1
DA:375,0
DA:376,0
DA:381,1
DA:382,2
DA:383,2
DA:384,2
DA:386,2
DA:387,1
DA:390,1
DA:392,0
DA:393,0
DA:398,1
DA:399,2
DA:400,2
DA:403,2
DA:404,2
DA:405,1
DA:409,1
DA:410,1
DA:416,1
DA:417,1
DA:421,1
DA:422,2
DA:423,2
DA:424,0
DA:428,1
DA:434,1
DA:435,1
DA:437,1
DA:442,0
DA:443,0
DA:450,1
DA:454,4
DA:455,4
DA:456,4
DA:457,4
DA:459,4
DA:460,1
DA:463,3
DA:475,3
DA:476,1
DA:479,2
DA:484,2
DA:485,1
DA:488,1
DA:490,0
DA:491,0
DA:496,1
DA:497,2
DA:498,2
DA:500,2
DA:503,1
DA:508,1
DA:509,1
DA:510,1
DA:512,1
DA:517,0
DA:518,0
DA:522,1
LF:208
LH:174
BRDA:59,0,0,1
BRDA:59,0,1,1
BRDA:61,1,0,1
BRDA:61,1,1,0
BRDA:86,2,0,1
BRDA:86,2,1,1
BRDA:111,3,0,1
BRDA:111,3,1,4
BRDA:111,4,0,5
BRDA:111,4,1,4
BRDA:111,4,2,4
BRDA:118,5,0,1
BRDA:118,5,1,3
BRDA:126,6,0,1
BRDA:126,6,1,2
BRDA:126,7,0,3
BRDA:126,7,1,3
BRDA:133,8,0,0
BRDA:133,8,1,2
BRDA:142,9,0,1
BRDA:142,9,1,1
BRDA:177,10,0,1
BRDA:177,10,1,2
BRDA:182,11,0,2
BRDA:182,11,1,1
BRDA:184,12,0,2
BRDA:184,12,1,0
BRDA:189,13,0,1
BRDA:189,13,1,1
BRDA:213,14,0,2
BRDA:213,14,1,0
BRDA:216,15,0,1
BRDA:216,15,1,1
BRDA:241,16,0,1
BRDA:241,16,1,2
BRDA:241,17,0,3
BRDA:241,17,1,0
BRDA:246,18,0,1
BRDA:246,18,1,1
BRDA:262,19,0,0
BRDA:262,19,1,1
BRDA:288,20,0,1
BRDA:288,20,1,1
BRDA:302,21,0,0
BRDA:302,21,1,1
BRDA:320,22,0,3
BRDA:320,22,1,0
BRDA:321,23,0,1
BRDA:321,23,1,2
BRDA:321,24,0,3
BRDA:321,24,1,3
BRDA:321,24,2,2
BRDA:328,25,0,0
BRDA:328,25,1,2
BRDA:333,26,0,1
BRDA:333,26,1,1
BRDA:336,27,0,1
BRDA:336,27,1,1
BRDA:364,28,0,0
BRDA:364,28,1,1
BRDA:364,29,0,1
BRDA:364,29,1,1
BRDA:369,30,0,1
BRDA:369,30,1,1
BRDA:386,31,0,1
BRDA:386,31,1,1
BRDA:404,32,0,1
BRDA:404,32,1,1
BRDA:416,33,0,1
BRDA:416,33,1,0
BRDA:423,34,0,0
BRDA:423,34,1,2
BRDA:456,35,0,4
BRDA:456,35,1,0
BRDA:457,36,0,4
BRDA:457,36,1,0
BRDA:459,37,0,1
BRDA:459,37,1,3
BRDA:475,38,0,1
BRDA:475,38,1,2
BRDA:484,39,0,1
BRDA:484,39,1,1
BRDA:498,40,0,2
BRDA:498,40,1,0
BRDA:500,41,0,1
BRDA:500,41,1,1
BRF:86
BRH:71
end_of_record
TN:
SF:src\services\authAttemptStore.js
FN:17,createAttempt
FN:32,getAttempt
FN:46,markSucceeded
FN:62,(anonymous_3)
FNF:4
FNH:4
FNDA:11,createAttempt
FNDA:9,getAttempt
FNDA:5,markSucceeded
FNDA:4,(anonymous_3)
DA:10,9
DA:12,9
DA:13,9
DA:15,9
DA:18,11
DA:19,11
DA:21,11
DA:28,11
DA:29,11
DA:33,9
DA:34,9
DA:35,4
DA:38,5
DA:39,1
DA:40,1
DA:43,4
DA:47,5
DA:48,5
DA:49,1
DA:52,4
DA:53,1
DA:54,1
DA:57,3
DA:58,3
DA:62,9
DA:63,4
DA:64,4
DA:65,4
DA:66,0
DA:71,9
LF:30
LH:29
BRDA:34,0,0,4
BRDA:34,0,1,5
BRDA:38,1,0,1
BRDA:38,1,1,4
BRDA:48,2,0,1
BRDA:48,2,1,4
BRDA:52,3,0,1
BRDA:52,3,1,3
BRDA:65,4,0,0
BRDA:65,4,1,4
BRF:10
BRH:9
end_of_record
TN:
SF:src\services\feedbackMailService.js
FN:21,normalizeFeedbackPayload
FN:67,escapeHtml
FN:77,formatFeedbackSentAt
FN:89,(anonymous_3)
FN:89,(anonymous_4)
FN:95,buildEmailPayload
FN:122,sendFeedbackMail
FN:156,(anonymous_7)
FNF:8
FNH:7
FNDA:8,normalizeFeedbackPayload
FNDA:16,escapeHtml
FNDA:4,formatFeedbackSentAt
FNDA:36,(anonymous_3)
FNDA:20,(anonymous_4)
FNDA:4,buildEmailPayload
FNDA:6,sendFeedbackMail
FNDA:0,(anonymous_7)
DA:4,1
DA:5,1
DA:7,1
DA:8,1
DA:9,1
DA:13,1
DA:17,1
DA:18,1
DA:19,1
DA:22,8
DA:23,8
DA:24,8
DA:25,8
DA:27,8
DA:28,1
DA:31,7
DA:32,1
DA:39,6
DA:40,1
DA:47,5
DA:48,1
DA:51,4
DA:52,1
DA:55,3
DA:68,16
DA:78,4
DA:88,4
DA:89,36
DA:92,4
DA:96,4
DA:97,4
DA:104,4
DA:112,4
DA:123,6
DA:124,2
DA:125,1
DA:126,1
DA:127,1
DA:130,1
DA:136,1
DA:139,4
DA:148,4
DA:149,2
DA:150,2
DA:151,2
DA:152,2
DA:153,2
DA:156,2
DA:157,2
DA:163,1
LF:50
LH:50
BRDA:21,0,0,0
BRDA:22,1,0,8
BRDA:22,1,1,0
BRDA:23,2,0,8
BRDA:23,2,1,0
BRDA:24,3,0,8
BRDA:24,3,1,0
BRDA:25,4,0,8
BRDA:25,4,1,6
BRDA:27,5,0,1
BRDA:27,5,1,7
BRDA:31,6,0,1
BRDA:31,6,1,6
BRDA:39,7,0,1
BRDA:39,7,1,5
BRDA:47,8,0,1
BRDA:47,8,1,4
BRDA:47,9,0,5
BRDA:47,9,1,4
BRDA:51,10,0,1
BRDA:51,10,1,3
BRDA:51,11,0,4
BRDA:51,11,1,2
BRDA:62,12,0,3
BRDA:62,12,1,2
BRDA:77,13,0,4
BRDA:123,14,0,2
BRDA:123,14,1,4
BRDA:124,15,0,1
BRDA:124,15,1,1
BRDA:148,16,0,2
BRDA:148,16,1,2
BRDA:151,17,0,1
BRDA:151,17,1,1
BRDA:159,18,0,2
BRDA:159,18,1,1
BRF:36
BRH:32
end_of_record
TN:
SF:src\services\mobileSessionService.js
FN:9,encodePayload
FN:13,decodePayload
FN:17,sign
FN:24,safeEqual
FN:36,createMobileSession
FN:58,verifyMobileSessionToken
FNF:6
FNH:6
FNDA:9,encodePayload
FNDA:8,decodePayload
FNDA:19,sign
FNDA:10,safeEqual
FNDA:12,createMobileSession
FNDA:17,verifyMobileSessionToken
DA:1,3
DA:3,3
DA:4,3
DA:6,3
DA:7,3
DA:10,9
DA:14,8
DA:18,19
DA:25,10
DA:26,10
DA:28,10
DA:29,1
DA:30,1
DA:33,9
DA:37,12
DA:38,3
DA:41,9
DA:42,9
DA:43,9
DA:49,9
DA:50,9
DA:52,9
DA:59,17
DA:60,4
DA:63,13
DA:64,13
DA:65,3
DA:68,10
DA:69,10
DA:70,2
DA:73,8
DA:74,8
DA:76,8
DA:83,1
DA:86,7
DA:88,0
DA:92,3
LF:37
LH:36
BRDA:28,0,0,1
BRDA:28,0,1,9
BRDA:37,1,0,3
BRDA:37,1,1,9
BRDA:59,2,0,4
BRDA:59,2,1,13
BRDA:59,3,0,17
BRDA:59,3,1,14
BRDA:64,4,0,3
BRDA:64,4,1,10
BRDA:64,5,0,13
BRDA:64,5,1,13
BRDA:64,5,2,11
BRDA:69,6,0,2
BRDA:69,6,1,8
BRDA:76,7,0,1
BRDA:76,7,1,7
BRDA:77,8,0,8
BRDA:77,8,1,8
BRDA:77,8,2,8
BRDA:77,8,3,8
BRDA:77,8,4,8
BRF:22
BRH:22
end_of_record
TN:
SF:src\services\newsFeedService.js
FN:20,(anonymous_0)
FN:32,getNewsFeed
FN:113,(anonymous_2)
FN:138,(anonymous_3)
FN:173,(anonymous_4)
FN:177,(anonymous_5)
FN:188,(anonymous_6)
FN:197,(anonymous_7)
FN:214,(anonymous_8)
FNF:9
FNH:8
FNDA:18,(anonymous_0)
FNDA:7,getNewsFeed
FNDA:1,(anonymous_2)
FNDA:7,(anonymous_3)
FNDA:5,(anonymous_4)
FNDA:5,(anonymous_5)
FNDA:0,(anonymous_6)
FNDA:5,(anonymous_7)
FNDA:5,(anonymous_8)
DA:1,1
DA:5,1
DA:9,1
DA:10,1
DA:11,1
DA:13,1
DA:14,1
DA:15,1
DA:16,1
DA:17,1
DA:18,1
DA:20,18
DA:39,7
DA:40,7
DA:41,7
DA:43,7
DA:44,7
DA:46,7
DA:48,7
DA:53,7
DA:54,1
DA:72,6
DA:79,6
DA:80,0
DA:98,6
DA:104,6
DA:106,6
DA:109,6
DA:110,6
DA:111,6
DA:113,6
DA:114,1
DA:115,0
DA:116,0
DA:119,1
DA:120,1
DA:121,0
DA:122,0
DA:125,1
DA:126,1
DA:127,1
DA:130,6
DA:131,0
DA:132,0
DA:135,6
DA:136,6
DA:138,6
DA:139,7
DA:140,7
DA:141,7
DA:142,7
DA:144,7
DA:145,1
DA:148,6
DA:149,1
DA:152,5
DA:153,1
DA:156,5
DA:162,6
DA:168,6
DA:169,6
DA:171,6
DA:172,4
DA:173,5
DA:177,5
DA:179,4
DA:180,4
DA:181,4
DA:188,4
DA:189,0
DA:192,0
DA:197,6
DA:198,5
DA:199,5
DA:200,5
DA:203,5
DA:211,6
DA:212,4
DA:213,4
DA:215,5
DA:216,5
DA:217,5
DA:218,0
DA:220,5
DA:242,4
DA:243,4
DA:244,4
DA:246,0
DA:251,6
DA:271,1
LF:90
LH:79
BRDA:32,0,0,0
BRDA:34,1,0,6
BRDA:35,2,0,6
BRDA:37,3,0,0
BRDA:39,4,0,7
BRDA:39,4,1,0
BRDA:40,5,0,7
BRDA:40,5,1,0
BRDA:44,6,0,7
BRDA:44,6,1,0
BRDA:53,7,0,1
BRDA:53,7,1,6
BRDA:65,8,0,0
BRDA:65,8,1,1
BRDA:79,9,0,0
BRDA:79,9,1,6
BRDA:91,10,0,0
BRDA:91,10,1,0
BRDA:106,11,0,6
BRDA:106,11,1,0
BRDA:114,12,0,0
BRDA:114,12,1,1
BRDA:114,13,0,1
BRDA:114,13,1,1
BRDA:119,14,0,1
BRDA:119,14,1,0
BRDA:120,15,0,0
BRDA:120,15,1,1
BRDA:120,16,0,1
BRDA:120,16,1,1
BRDA:130,17,0,0
BRDA:130,17,1,6
BRDA:130,18,0,6
BRDA:130,18,1,0
BRDA:139,19,0,7
BRDA:139,19,1,0
BRDA:142,20,0,1
BRDA:142,20,1,6
BRDA:144,21,0,1
BRDA:144,21,1,6
BRDA:148,22,0,1
BRDA:148,22,1,5
BRDA:148,23,0,6
BRDA:148,23,1,2
BRDA:152,24,0,1
BRDA:152,24,1,4
BRDA:171,25,0,4
BRDA:171,25,1,2
BRDA:171,26,0,6
BRDA:171,26,1,6
BRDA:175,27,0,5
BRDA:175,27,1,0
BRDA:177,28,0,5
BRDA:177,28,1,5
BRDA:179,29,0,4
BRDA:179,29,1,0
BRDA:200,30,0,0
BRDA:200,30,1,5
BRDA:211,31,0,4
BRDA:211,31,1,2
BRDA:211,32,0,6
BRDA:211,32,1,6
BRDA:217,33,0,0
BRDA:217,33,1,5
BRDA:217,34,0,5
BRDA:217,34,1,0
BRDA:242,35,0,4
BRDA:242,35,1,0
BRDA:259,36,0,6
BRDA:259,36,1,0
BRDA:265,37,0,0
BRDA:265,37,1,6
BRF:72
BRH:48
end_of_record
TN:
SF:src\services\newsRotationService.js
FN:57,sleep
FN:58,(anonymous_1)
FN:69,getTierCooldown
FN:98,checkNewsRotation
FN:265,(anonymous_4)
FN:321,sendNotificationsForGame
FN:336,(anonymous_6)
FN:338,(anonymous_7)
FN:364,(anonymous_8)
FN:378,(anonymous_9)
FN:410,(anonymous_10)
FNF:11
FNH:10
FNDA:11,sleep
FNDA:11,(anonymous_1)
FNDA:11,getTierCooldown
FNDA:15,checkNewsRotation
FNDA:14,(anonymous_4)
FNDA:4,sendNotificationsForGame
FNDA:1,(anonymous_6)
FNDA:6,(anonymous_7)
FNDA:5,(anonymous_8)
FNDA:5,(anonymous_9)
FNDA:0,(anonymous_10)
DA:15,1
DA:16,1
DA:17,1
DA:18,1
DA:19,1
DA:20,1
DA:21,1
DA:25,1
DA:55,1
DA:58,11
DA:71,11
DA:72,0
DA:76,11
DA:77,5
DA:80,6
DA:81,6
DA:83,6
DA:84,5
DA:86,1
DA:87,1
DA:89,0
DA:99,15
DA:100,1
DA:101,1
DA:110,14
DA:112,14
DA:113,14
DA:115,14
DA:116,14
DA:120,14
DA:129,14
DA:131,14
DA:132,1
DA:141,13
DA:150,13
DA:152,13
DA:153,14
DA:155,14
DA:159,11
DA:162,11
DA:163,5
DA:164,5
DA:166,5
DA:167,4
DA:169,4
DA:170,4
DA:179,4
DA:181,4
DA:186,11
DA:187,11
DA:191,11
DA:194,11
DA:201,11
DA:203,11
DA:204,11
DA:212,3
DA:213,1
DA:214,1
DA:222,2
DA:223,1
DA:224,1
DA:233,1
DA:234,1
DA:243,1
DA:250,3
DA:251,3
DA:258,3
DA:263,13
DA:264,13
DA:265,14
DA:278,13
DA:280,0
DA:284,13
DA:286,13
DA:299,13
DA:300,1
DA:306,13
DA:308,0
DA:309,0
DA:311,14
DA:322,4
DA:323,4
DA:326,4
DA:336,4
DA:337,4
DA:338,6
DA:341,4
DA:351,4
DA:352,4
DA:354,4
DA:355,4
DA:359,3
DA:363,3
DA:365,5
DA:377,3
DA:378,3
DA:379,5
DA:380,4
DA:381,4
DA:400,1
DA:401,0
DA:408,3
DA:409,3
DA:411,0
DA:421,1
LF:105
LH:98
BRDA:71,0,0,0
BRDA:71,0,1,11
BRDA:76,1,0,5
BRDA:76,1,1,6
BRDA:83,2,0,5
BRDA:83,2,1,1
BRDA:86,3,0,1
BRDA:86,3,1,0
BRDA:99,4,0,1
BRDA:99,4,1,14
BRDA:131,5,0,1
BRDA:131,5,1,13
BRDA:162,6,0,5
BRDA:162,6,1,6
BRDA:162,7,0,11
BRDA:162,7,1,11
BRDA:163,8,0,5
BRDA:163,8,1,0
BRDA:164,9,0,5
BRDA:164,9,1,0
BRDA:166,10,0,4
BRDA:166,10,1,1
BRDA:203,11,0,11
BRDA:203,11,1,0
BRDA:212,12,0,1
BRDA:212,12,1,2
BRDA:212,13,0,3
BRDA:212,13,1,3
BRDA:222,14,0,1
BRDA:222,14,1,1
BRDA:222,15,0,2
BRDA:222,15,1,2
BRDA:239,16,0,1
BRDA:239,16,1,0
BRDA:263,17,0,13
BRDA:263,17,1,0
BRDA:299,18,0,1
BRDA:299,18,1,12
BRDA:322,19,0,4
BRDA:322,19,1,0
BRDA:379,20,0,4
BRDA:379,20,1,1
BRDA:379,21,0,5
BRDA:379,21,1,5
BRDA:400,22,0,0
BRDA:400,22,1,1
BRDA:408,23,0,3
BRDA:408,23,1,0
BRF:48
BRH:38
end_of_record
TN:
SF:src\services\steamGridDbService.js
FN:32,fetchAssets
FN:50,pickBest
FN:54,(anonymous_2)
FN:66,lookupSgdbIdByName
FN:95,getGameImage
FN:112,(anonymous_5)
FN:126,(anonymous_6)
FN:147,(anonymous_7)
FNF:8
FNH:6
FNDA:28,fetchAssets
FNDA:4,pickBest
FNDA:1,(anonymous_2)
FNDA:1,lookupSgdbIdByName
FNDA:10,getGameImage
FNDA:2,(anonymous_5)
FNDA:0,(anonymous_6)
FNDA:0,(anonymous_7)
DA:15,1
DA:16,1
DA:18,1
DA:33,28
DA:34,28
DA:35,26
DA:36,26
DA:38,2
DA:39,1
DA:41,2
DA:51,4
DA:52,0
DA:54,4
DA:55,4
DA:67,1
DA:68,1
DA:69,1
DA:71,1
DA:74,1
DA:80,1
DA:96,10
DA:97,2
DA:101,8
DA:105,8
DA:106,1
DA:110,7
DA:111,7
DA:112,2
DA:113,1
DA:117,6
DA:118,6
DA:119,1
DA:123,5
DA:124,5
DA:126,1
DA:127,1
DA:131,4
DA:132,1
DA:133,1
DA:134,1
DA:139,1
DA:143,1
DA:145,0
DA:146,0
DA:147,0
DA:148,0
DA:151,0
DA:152,0
DA:156,3
DA:159,1
LF:50
LH:43
BRDA:32,0,0,19
BRDA:36,1,0,6
BRDA:36,1,1,20
BRDA:36,2,0,26
BRDA:36,2,1,6
BRDA:38,3,0,1
BRDA:38,3,1,1
BRDA:51,4,0,0
BRDA:51,4,1,4
BRDA:51,5,0,4
BRDA:51,5,1,4
BRDA:54,6,0,1
BRDA:54,6,1,0
BRDA:54,7,0,1
BRDA:54,7,1,0
BRDA:55,8,0,4
BRDA:55,8,1,0
BRDA:55,8,2,0
BRDA:67,9,0,0
BRDA:67,9,1,1
BRDA:67,10,0,1
BRDA:67,10,1,1
BRDA:69,11,0,0
BRDA:69,11,1,1
BRDA:74,12,0,0
BRDA:74,12,1,1
BRDA:74,13,0,1
BRDA:74,13,1,1
BRDA:80,14,0,1
BRDA:80,14,1,0
BRDA:95,15,0,9
BRDA:96,16,0,2
BRDA:96,16,1,8
BRDA:96,17,0,10
BRDA:96,17,1,9
BRDA:105,18,0,1
BRDA:105,18,1,7
BRDA:111,19,0,1
BRDA:111,19,1,6
BRDA:113,20,0,1
BRDA:113,20,1,0
BRDA:118,21,0,1
BRDA:118,21,1,5
BRDA:124,22,0,1
BRDA:124,22,1,4
BRDA:126,23,0,0
BRDA:126,23,1,0
BRDA:126,24,0,0
BRDA:126,24,1,0
BRDA:127,25,0,1
BRDA:127,25,1,0
BRDA:127,25,2,0
BRDA:131,26,0,1
BRDA:131,26,1,3
BRDA:133,27,0,1
BRDA:133,27,1,0
BRDA:143,28,0,1
BRDA:143,28,1,0
BRDA:146,29,0,0
BRDA:146,29,1,0
BRDA:148,30,0,0
BRDA:148,30,1,0
BRDA:152,31,0,0
BRDA:152,31,1,0
BRF:64
BRH:40
end_of_record
TN:
SF:src\services\steamService.js
FN:22,getUserGames
FN:31,getRecentlyPlayedGames
FN:44,getGameNews
FN:59,getUserProfile
FN:68,getUserWishlist
FN:72,searchGames
FNF:6
FNH:0
FNDA:0,getUserGames
FNDA:0,getRecentlyPlayedGames
FNDA:0,getGameNews
FNDA:0,getUserProfile
FNDA:0,getUserWishlist
FNDA:0,searchGames
DA:14,0
DA:15,0
DA:23,0
DA:32,0
DA:51,0
DA:60,0
DA:69,0
DA:73,0
DA:76,0
LF:9
LH:0
BRDA:46,0,0,0
BRDA:47,1,0,0
BRDA:48,2,0,0
BRDA:49,3,0,0
BRDA:72,4,0,0
BRF:5
BRH:0
end_of_record
TN:
SF:src\services\syncWishlistService.js
FN:33,sleep
FN:34,(anonymous_1)
FN:37,buildSteamImageUrls
FN:49,enrichWishlistItems
FN:54,(anonymous_4)
FN:58,(anonymous_5)
FN:63,(anonymous_6)
FN:113,(anonymous_7)
FN:160,upsertWishlistCollection
FN:170,(anonymous_9)
FN:179,(anonymous_10)
FN:214,syncUserWishlist
FN:270,(anonymous_12)
FN:305,(anonymous_13)
FN:332,(anonymous_14)
FN:338,(anonymous_15)
FN:339,(anonymous_16)
FN:345,(anonymous_17)
FN:364,(anonymous_18)
FN:378,(anonymous_19)
FN:429,syncAllUsersWishlists
FN:487,(anonymous_21)
FN:515,syncWishlistsByGroup
FN:540,(anonymous_23)
FN:593,(anonymous_24)
FNF:25
FNH:16
FNDA:0,sleep
FNDA:0,(anonymous_1)
FNDA:7,buildSteamImageUrls
FNDA:7,enrichWishlistItems
FNDA:7,(anonymous_4)
FNDA:6,(anonymous_5)
FNDA:7,(anonymous_6)
FNDA:1,(anonymous_7)
FNDA:7,upsertWishlistCollection
FNDA:1,(anonymous_9)
FNDA:1,(anonymous_10)
FNDA:13,syncUserWishlist
FNDA:0,(anonymous_12)
FNDA:3,(anonymous_13)
FNDA:1,(anonymous_14)
FNDA:0,(anonymous_15)
FNDA:0,(anonymous_16)
FNDA:0,(anonymous_17)
FNDA:2,(anonymous_18)
FNDA:7,(anonymous_19)
FNDA:0,syncAllUsersWishlists
FNDA:0,(anonymous_21)
FNDA:15,syncWishlistsByGroup
FNDA:36,(anonymous_23)
FNDA:0,(anonymous_24)
DA:15,1
DA:16,1
DA:17,1
DA:18,1
DA:19,1
DA:20,1
DA:21,1
DA:22,1
DA:23,1
DA:24,1
DA:28,1
DA:34,0
DA:38,7
DA:50,7
DA:51,0
DA:54,7
DA:55,7
DA:58,7
DA:60,7
DA:61,7
DA:63,7
DA:64,7
DA:65,7
DA:66,7
DA:70,7
DA:71,6
DA:72,6
DA:73,6
DA:82,1
DA:90,7
DA:91,7
DA:95,7
DA:96,6
DA:97,6
DA:100,1
DA:104,1
DA:105,1
DA:107,1
DA:108,1
DA:109,1
DA:110,1
DA:112,1
DA:114,1
DA:116,1
DA:118,1
DA:120,1
DA:122,1
DA:131,1
DA:138,1
DA:139,1
DA:143,1
DA:144,1
DA:149,1
DA:153,1
DA:161,7
DA:162,6
DA:163,6
DA:166,1
DA:167,1
DA:168,1
DA:170,1
DA:171,1
DA:174,1
DA:175,0
DA:176,0
DA:179,1
DA:196,1
DA:198,1
DA:199,1
DA:200,1
DA:201,1
DA:215,13
DA:216,13
DA:218,13
DA:219,13
DA:220,1
DA:221,1
DA:224,12
DA:226,12
DA:227,1
DA:230,1
DA:232,11
DA:233,11
DA:234,10
DA:236,1
DA:237,1
DA:242,11
DA:243,4
DA:244,4
DA:247,4
DA:249,4
DA:250,4
DA:253,7
DA:258,7
DA:260,7
DA:265,7
DA:266,0
DA:269,7
DA:270,0
DA:274,7
DA:275,7
DA:276,7
DA:277,7
DA:278,7
DA:279,7
DA:288,7
DA:291,7
DA:292,7
DA:293,7
DA:294,0
DA:295,0
DA:296,0
DA:298,0
DA:302,7
DA:303,3
DA:304,3
DA:305,3
DA:308,3
DA:309,2
DA:310,1
DA:311,1
DA:312,1
DA:318,1
DA:319,1
DA:322,1
DA:323,1
DA:325,0
DA:328,1
DA:331,1
DA:332,1
DA:336,1
DA:338,0
DA:339,0
DA:342,1
DA:343,1
DA:344,1
DA:345,1
DA:347,1
DA:348,1
DA:351,1
DA:363,7
DA:364,7
DA:366,2
DA:371,2
DA:372,2
DA:373,2
DA:377,7
DA:378,7
DA:387,7
DA:389,7
DA:391,7
DA:393,7
DA:394,1
DA:395,1
DA:396,1
DA:400,0
DA:407,7
DA:416,0
DA:417,0
DA:430,0
DA:431,0
DA:432,0
DA:433,0
DA:435,0
DA:438,0
DA:439,0
DA:441,0
DA:451,0
DA:452,0
DA:453,0
DA:455,0
DA:457,0
DA:458,0
DA:459,0
DA:460,0
DA:462,0
DA:463,0
DA:470,0
DA:471,0
DA:475,0
DA:477,0
DA:478,0
DA:479,0
DA:480,0
DA:481,0
DA:482,0
DA:483,0
DA:484,0
DA:485,0
DA:486,0
DA:487,0
DA:488,0
DA:491,0
DA:493,0
DA:495,0
DA:499,0
DA:519,15
DA:521,15
DA:523,15
DA:524,3
DA:529,12
DA:530,12
DA:531,12
DA:533,12
DA:536,12
DA:537,12
DA:540,36
DA:542,12
DA:544,12
DA:556,12
DA:557,3
DA:558,3
DA:562,3
DA:564,3
DA:566,3
DA:567,3
DA:568,3
DA:569,3
DA:571,0
DA:572,0
DA:576,3
DA:577,0
DA:581,12
DA:582,12
DA:583,12
DA:584,12
DA:585,12
DA:586,12
DA:587,12
DA:588,12
DA:589,12
DA:590,12
DA:591,12
DA:592,0
DA:593,0
DA:594,0
DA:597,12
DA:599,12
DA:602,1
LF:239
LH:180
BRDA:50,0,0,0
BRDA:50,0,1,7
BRDA:50,1,0,7
BRDA:50,1,1,7
BRDA:70,2,0,6
BRDA:70,2,1,1
BRDA:71,3,0,6
BRDA:71,3,1,5
BRDA:72,4,0,6
BRDA:72,4,1,5
BRDA:95,5,0,6
BRDA:95,5,1,1
BRDA:116,6,0,1
BRDA:116,6,1,0
BRDA:118,7,0,1
BRDA:118,7,1,0
BRDA:120,8,0,1
BRDA:120,8,1,0
BRDA:161,9,0,6
BRDA:161,9,1,1
BRDA:161,10,0,7
BRDA:161,10,1,7
BRDA:171,11,0,1
BRDA:171,11,1,1
BRDA:174,12,0,0
BRDA:174,12,1,1
BRDA:187,13,0,1
BRDA:187,13,1,0
BRDA:187,13,2,0
BRDA:214,14,0,12
BRDA:219,15,0,1
BRDA:219,15,1,12
BRDA:226,16,0,1
BRDA:226,16,1,11
BRDA:226,17,0,12
BRDA:226,17,1,1
BRDA:242,18,0,4
BRDA:242,18,1,7
BRDA:242,19,0,11
BRDA:242,19,1,11
BRDA:265,20,0,0
BRDA:265,20,1,7
BRDA:270,21,0,7
BRDA:270,21,1,0
BRDA:278,22,0,7
BRDA:278,22,1,0
BRDA:283,23,0,7
BRDA:283,23,1,0
BRDA:283,23,2,0
BRDA:293,24,0,0
BRDA:293,24,1,7
BRDA:295,25,0,0
BRDA:295,25,1,0
BRDA:296,26,0,0
BRDA:296,26,1,0
BRDA:302,27,0,3
BRDA:302,27,1,4
BRDA:302,28,0,7
BRDA:302,28,1,7
BRDA:308,29,0,2
BRDA:308,29,1,1
BRDA:309,30,0,1
BRDA:309,30,1,1
BRDA:328,31,0,1
BRDA:328,31,1,0
BRDA:343,32,0,1
BRDA:343,32,1,1
BRDA:344,33,0,1
BRDA:344,33,1,0
BRDA:345,34,0,1
BRDA:345,34,1,1
BRDA:347,35,0,1
BRDA:347,35,1,0
BRDA:348,36,0,1
BRDA:348,36,1,0
BRDA:366,37,0,0
BRDA:366,37,1,2
BRDA:368,38,0,2
BRDA:368,38,1,0
BRDA:371,39,0,0
BRDA:371,39,1,2
BRDA:371,40,0,2
BRDA:371,40,1,2
BRDA:380,41,0,7
BRDA:380,41,1,0
BRDA:381,42,0,7
BRDA:381,42,1,7
BRDA:393,43,0,1
BRDA:393,43,1,6
BRDA:457,44,0,0
BRDA:457,44,1,0
BRDA:459,45,0,0
BRDA:459,45,1,0
BRDA:460,46,0,0
BRDA:460,46,1,0
BRDA:470,47,0,0
BRDA:470,47,1,0
BRDA:485,48,0,0
BRDA:485,48,1,0
BRDA:517,49,0,0
BRDA:521,50,0,15
BRDA:521,50,1,0
BRDA:523,51,0,3
BRDA:523,51,1,12
BRDA:523,52,0,15
BRDA:523,52,1,14
BRDA:523,52,2,14
BRDA:523,52,3,13
BRDA:523,52,4,13
BRDA:566,53,0,3
BRDA:566,53,1,0
BRDA:566,54,0,3
BRDA:566,54,1,3
BRDA:568,55,0,3
BRDA:568,55,1,3
BRDA:569,56,0,3
BRDA:569,56,1,3
BRDA:572,57,0,0
BRDA:572,57,1,0
BRDA:576,58,0,0
BRDA:576,58,1,3
BRDA:591,59,0,0
BRDA:591,59,1,12
BRF:123
BRH:81
end_of_record
TN:
SF:src\services\admin\statsService.js
FN:34,estimatedCount
FN:41,getOverview
FN:106,getPolling
FN:176,(anonymous_3)
FN:198,getCrons
FN:207,(anonymous_5)
FN:223,(anonymous_6)
FN:232,getAllStats
FN:257,aggregationToMap
FN:258,(anonymous_9)
FNF:10
FNH:10
FNDA:10,estimatedCount
FNDA:2,getOverview
FNDA:3,getPolling
FNDA:5,(anonymous_3)
FNDA:3,getCrons
FNDA:2,(anonymous_5)
FNDA:1,(anonymous_6)
FNDA:1,getAllStats
FNDA:4,aggregationToMap
FNDA:4,(anonymous_9)
DA:19,1
DA:20,1
DA:21,1
DA:22,1
DA:23,1
DA:24,1
DA:27,1
DA:28,1
DA:35,10
DA:52,2
DA:80,2
DA:107,3
DA:108,3
DA:109,3
DA:112,3
DA:113,3
DA:115,3
DA:154,3
DA:155,3
DA:156,3
DA:158,3
DA:159,5
DA:160,5
DA:161,5
DA:163,5
DA:164,5
DA:165,5
DA:166,4
DA:167,4
DA:169,1
DA:170,1
DA:174,3
DA:176,5
DA:199,3
DA:200,3
DA:201,1
DA:204,2
DA:205,2
DA:207,2
DA:208,2
DA:209,2
DA:223,2
DA:225,2
DA:233,1
DA:234,1
DA:240,1
DA:258,4
DA:259,4
DA:260,4
DA:261,4
DA:265,1
LF:51
LH:51
BRDA:90,0,0,2
BRDA:90,0,1,1
BRDA:159,1,0,5
BRDA:159,1,1,0
BRDA:163,2,0,5
BRDA:163,2,1,0
BRDA:165,3,0,4
BRDA:165,3,1,1
BRDA:200,4,0,1
BRDA:200,4,1,2
BRDA:208,5,0,2
BRDA:208,5,1,0
BRDA:211,6,0,2
BRDA:211,6,1,1
BRDA:212,7,0,2
BRDA:212,7,1,2
BRDA:213,8,0,2
BRDA:213,8,1,2
BRDA:214,9,0,2
BRDA:214,9,1,2
BRDA:215,10,0,2
BRDA:215,10,1,1
BRDA:216,11,0,2
BRDA:216,11,1,1
BRDA:217,12,0,2
BRDA:217,12,1,2
BRDA:218,13,0,2
BRDA:218,13,1,2
BRDA:259,14,0,0
BRDA:259,14,1,4
BRF:30
BRH:26
end_of_record
TN:
SF:src\services\gamesSync\index.js
FN:12,syncAllUsersGames
FN:56,syncUserGroupByIndex
FN:85,(anonymous_2)
FNF:3
FNH:3
FNDA:3,syncAllUsersGames
FNDA:14,syncUserGroupByIndex
FNDA:61,(anonymous_2)
DA:1,1
DA:2,1
DA:3,1
DA:4,1
DA:5,1
DA:6,1
DA:13,3
DA:14,3
DA:16,3
DA:18,3
DA:19,3
DA:20,3
DA:23,3
DA:24,6
DA:25,6
DA:26,6
DA:27,1
DA:28,1
DA:30,5
DA:31,4
DA:33,1
DA:34,1
DA:38,3
DA:39,3
DA:41,0
DA:45,0
DA:61,14
DA:62,14
DA:64,14
DA:66,14
DA:67,1
DA:70,1
DA:71,1
DA:74,13
DA:76,13
DA:77,13
DA:78,13
DA:80,13
DA:81,0
DA:82,0
DA:85,13
DA:86,61
DA:88,13
DA:90,13
DA:94,13
DA:95,8
DA:96,8
DA:101,8
DA:104,5
DA:106,5
DA:107,5
DA:108,5
DA:109,5
DA:110,0
DA:111,0
DA:113,5
DA:114,5
DA:116,0
DA:117,0
DA:121,5
DA:125,5
DA:127,0
DA:131,0
DA:132,0
DA:136,1
LF:65
LH:54
BRDA:26,0,0,1
BRDA:26,0,1,5
BRDA:58,1,0,0
BRDA:61,2,0,14
BRDA:61,2,1,0
BRDA:66,3,0,1
BRDA:66,3,1,13
BRDA:66,4,0,14
BRDA:66,4,1,14
BRDA:66,4,2,14
BRDA:80,5,0,0
BRDA:80,5,1,13
BRDA:94,6,0,8
BRDA:94,6,1,5
BRDA:109,7,0,0
BRDA:109,7,1,5
BRF:16
BRH:12
end_of_record
TN:
SF:src\services\gamesSync\statsManager.js
FN:10,createStats
FN:26,updateStats
FNF:2
FNH:2
FNDA:23,createStats
FNDA:14,updateStats
DA:11,23
DA:27,14
DA:29,14
DA:30,4
DA:31,4
DA:34,14
DA:35,1
DA:39,2
LF:8
LH:8
BRDA:10,0,0,8
BRDA:29,1,0,4
BRDA:29,1,1,10
BRDA:29,2,0,14
BRDA:29,2,1,12
BRDA:34,3,0,1
BRDA:34,3,1,13
BRF:7
BRH:7
end_of_record
TN:
SF:src\services\gamesSync\userProcessor.js
FN:29,isUnresolvedName
FN:45,resolveMissingNames
FN:46,(anonymous_2)
FN:56,(anonymous_3)
FN:80,canSyncUser
FN:98,toPositiveNumber
FN:106,resolveLastPlayedTimestamp
FN:120,hasSteamPlaytimeFields
FN:121,(anonymous_8)
FN:134,normalizeFollowedGames
FN:143,upsertGamesCollection
FN:151,(anonymous_11)
FN:152,(anonymous_12)
FN:156,(anonymous_13)
FN:171,(anonymous_14)
FN:175,(anonymous_15)
FN:238,detectRemovedGames
FN:241,(anonymous_17)
FN:242,(anonymous_18)
FN:244,(anonymous_19)
FN:264,processAutoFollow
FN:328,(anonymous_21)
FN:329,(anonymous_22)
FN:359,(anonymous_23)
FN:364,(anonymous_24)
FN:364,(anonymous_25)
FN:374,(anonymous_26)
FN:403,createUserResult
FN:419,syncUserGames
FN:445,(anonymous_29)
FN:468,(anonymous_30)
FN:470,(anonymous_31)
FN:476,(anonymous_32)
FN:477,(anonymous_33)
FN:480,(anonymous_34)
FN:513,(anonymous_35)
FN:524,(anonymous_36)
FN:542,(anonymous_37)
FN:543,(anonymous_38)
FN:558,(anonymous_39)
FN:601,(anonymous_40)
FN:605,(anonymous_41)
FN:613,(anonymous_42)
FNF:43
FNH:40
FNDA:80,isUnresolvedName
FNDA:18,resolveMissingNames
FNDA:23,(anonymous_2)
FNDA:1,(anonymous_3)
FNDA:20,canSyncUser
FNDA:75,toPositiveNumber
FNDA:25,resolveLastPlayedTimestamp
FNDA:25,hasSteamPlaytimeFields
FNDA:44,(anonymous_8)
FNDA:18,normalizeFollowedGames
FNDA:18,upsertGamesCollection
FNDA:23,(anonymous_11)
FNDA:23,(anonymous_12)
FNDA:1,(anonymous_13)
FNDA:22,(anonymous_14)
FNDA:4,(anonymous_15)
FNDA:18,detectRemovedGames
FNDA:6,(anonymous_17)
FNDA:4,(anonymous_18)
FNDA:19,(anonymous_19)
FNDA:18,processAutoFollow
FNDA:6,(anonymous_21)
FNDA:6,(anonymous_22)
FNDA:3,(anonymous_23)
FNDA:0,(anonymous_24)
FNDA:0,(anonymous_25)
FNDA:0,(anonymous_26)
FNDA:20,createUserResult
FNDA:20,syncUserGames
FNDA:1,(anonymous_29)
FNDA:19,(anonymous_30)
FNDA:5,(anonymous_31)
FNDA:6,(anonymous_32)
FNDA:2,(anonymous_33)
FNDA:4,(anonymous_34)
FNDA:6,(anonymous_35)
FNDA:2,(anonymous_36)
FNDA:19,(anonymous_37)
FNDA:4,(anonymous_38)
FNDA:4,(anonymous_39)
FNDA:6,(anonymous_40)
FNDA:5,(anonymous_41)
FNDA:19,(anonymous_42)
DA:9,1
DA:10,1
DA:11,1
DA:12,1
DA:13,1
DA:14,1
DA:15,1
DA:19,1
DA:21,1
DA:27,1
DA:30,80
DA:31,80
DA:32,80
DA:33,80
DA:46,23
DA:47,18
DA:48,17
DA:51,1
DA:55,1
DA:57,1
DA:58,1
DA:59,1
DA:60,1
DA:61,1
DA:62,0
DA:65,0
DA:67,1
DA:72,0
DA:81,20
DA:82,1
DA:85,19
DA:86,19
DA:87,19
DA:89,19
DA:90,19
DA:91,19
DA:92,19
DA:93,19
DA:95,19
DA:99,75
DA:100,75
DA:101,75
DA:103,0
DA:107,25
DA:113,25
DA:114,25
DA:117,0
DA:121,25
DA:122,44
DA:123,20
DA:126,24
DA:135,18
DA:144,18
DA:145,3
DA:151,23
DA:152,23
DA:153,15
DA:154,1
DA:156,1
DA:160,15
DA:161,0
DA:162,0
DA:165,15
DA:166,15
DA:167,15
DA:171,22
DA:172,15
DA:175,15
DA:177,15
DA:178,15
DA:179,15
DA:181,15
DA:182,22
DA:183,22
DA:185,22
DA:186,18
DA:187,18
DA:200,4
DA:201,1
DA:202,1
DA:205,1
DA:214,15
DA:215,3
DA:218,3
DA:221,12
DA:223,12
DA:224,12
DA:225,12
DA:226,12
DA:239,18
DA:241,6
DA:242,4
DA:244,19
DA:246,18
DA:247,18
DA:248,4
DA:249,1
DA:253,18
DA:270,18
DA:271,18
DA:272,18
DA:273,18
DA:275,18
DA:277,18
DA:278,0
DA:279,0
DA:280,0
DA:282,0
DA:286,18
DA:287,14
DA:295,4
DA:297,4
DA:298,7
DA:300,7
DA:304,7
DA:305,1
DA:308,1
DA:310,6
DA:318,4
DA:319,0
DA:327,4
DA:328,6
DA:329,6
DA:331,4
DA:332,2
DA:333,3
DA:334,3
DA:335,3
DA:337,3
DA:338,3
DA:339,3
DA:343,3
DA:349,3
DA:352,2
DA:355,2
DA:358,2
DA:359,3
DA:363,2
DA:364,0
DA:367,2
DA:368,3
DA:369,3
DA:370,3
DA:372,3
DA:373,3
DA:374,3
DA:377,3
DA:383,3
DA:392,0
DA:395,4
DA:404,20
DA:420,20
DA:421,20
DA:423,20
DA:424,20
DA:425,20
DA:426,20
DA:428,20
DA:429,1
DA:430,1
DA:433,1
DA:434,1
DA:441,19
DA:443,19
DA:446,1
DA:450,1
DA:454,19
DA:455,1
DA:456,1
DA:457,1
DA:458,1
DA:461,18
DA:462,18
DA:468,19
DA:469,18
DA:470,5
DA:473,18
DA:474,18
DA:476,6
DA:477,2
DA:479,18
DA:480,4
DA:483,18
DA:484,18
DA:485,18
DA:486,18
DA:487,4
DA:488,4
DA:489,4
DA:501,18
DA:507,18
DA:508,18
DA:512,18
DA:513,6
DA:516,18
DA:517,18
DA:518,1
DA:521,1
DA:523,1
DA:524,1
DA:526,2
DA:531,2
DA:535,18
DA:541,18
DA:542,19
DA:543,4
DA:550,18
DA:557,18
DA:558,4
DA:560,18
DA:561,4
DA:566,18
DA:567,18
DA:569,18
DA:572,2
DA:573,2
DA:575,0
DA:580,0
DA:581,0
DA:587,2
DA:588,3
DA:589,3
DA:590,3
DA:594,2
DA:595,2
DA:600,18
DA:601,6
DA:604,18
DA:605,5
DA:613,18
DA:614,19
DA:615,19
DA:616,19
DA:618,19
DA:619,19
DA:623,19
DA:625,19
DA:635,18
DA:636,18
DA:637,6
DA:638,6
DA:640,6
DA:641,6
DA:645,6
DA:650,6
DA:653,6
DA:663,18
DA:667,18
DA:672,18
DA:675,18
DA:677,18
DA:679,18
DA:681,18
DA:682,2
DA:683,2
DA:687,2
DA:691,0
DA:698,18
DA:699,18
DA:700,18
DA:701,18
DA:704,18
DA:707,18
DA:708,18
DA:709,18
DA:710,18
DA:712,18
DA:714,0
DA:718,0
DA:719,0
DA:723,1
LF:271
LH:250
BRDA:30,0,0,0
BRDA:30,0,1,80
BRDA:30,1,0,80
BRDA:30,1,1,80
BRDA:32,2,0,0
BRDA:32,2,1,80
BRDA:47,3,0,17
BRDA:47,3,1,1
BRDA:58,4,0,0
BRDA:58,4,1,1
BRDA:61,5,0,0
BRDA:61,5,1,1
BRDA:61,6,0,1
BRDA:61,6,1,0
BRDA:80,7,0,0
BRDA:81,8,0,1
BRDA:81,8,1,19
BRDA:86,9,0,19
BRDA:86,9,1,14
BRDA:93,10,0,18
BRDA:93,10,1,1
BRDA:100,11,0,75
BRDA:100,11,1,0
BRDA:100,12,0,75
BRDA:100,12,1,7
BRDA:113,13,0,25
BRDA:113,13,1,0
BRDA:122,14,0,20
BRDA:122,14,1,24
BRDA:122,15,0,44
BRDA:122,15,1,24
BRDA:127,16,0,24
BRDA:127,16,1,24
BRDA:127,16,2,19
BRDA:144,17,0,3
BRDA:144,17,1,15
BRDA:144,18,0,18
BRDA:144,18,1,18
BRDA:153,19,0,1
BRDA:153,19,1,14
BRDA:160,20,0,0
BRDA:160,20,1,15
BRDA:185,21,0,18
BRDA:185,21,1,4
BRDA:194,22,0,18
BRDA:194,22,1,17
BRDA:200,23,0,1
BRDA:200,23,1,3
BRDA:214,24,0,3
BRDA:214,24,1,12
BRDA:240,25,0,18
BRDA:240,25,1,0
BRDA:248,26,0,1
BRDA:248,26,1,3
BRDA:277,27,0,0
BRDA:277,27,1,18
BRDA:279,28,0,0
BRDA:279,28,1,0
BRDA:280,29,0,0
BRDA:280,29,1,0
BRDA:286,30,0,14
BRDA:286,30,1,4
BRDA:300,31,0,7
BRDA:300,31,1,0
BRDA:300,32,0,7
BRDA:300,32,1,7
BRDA:304,33,0,1
BRDA:304,33,1,6
BRDA:313,34,0,6
BRDA:313,34,1,0
BRDA:318,35,0,0
BRDA:318,35,1,4
BRDA:331,36,0,2
BRDA:331,36,1,2
BRDA:338,37,0,3
BRDA:338,37,1,0
BRDA:338,37,2,0
BRDA:339,38,0,0
BRDA:339,38,1,3
BRDA:355,39,0,2
BRDA:355,39,1,0
BRDA:370,40,0,3
BRDA:370,40,1,0
BRDA:370,40,2,0
BRDA:372,41,0,3
BRDA:372,41,1,3
BRDA:373,42,0,3
BRDA:373,42,1,0
BRDA:374,43,0,3
BRDA:374,43,1,3
BRDA:387,44,0,3
BRDA:387,44,1,0
BRDA:419,45,0,19
BRDA:420,46,0,19
BRDA:420,47,0,20
BRDA:428,48,0,1
BRDA:428,48,1,19
BRDA:429,49,0,1
BRDA:429,49,1,0
BRDA:448,50,0,1
BRDA:448,50,1,0
BRDA:454,51,0,1
BRDA:454,51,1,18
BRDA:454,52,0,19
BRDA:454,52,1,18
BRDA:469,53,0,18
BRDA:469,53,1,0
BRDA:473,54,0,18
BRDA:473,54,1,0
BRDA:486,55,0,4
BRDA:486,55,1,14
BRDA:490,56,0,0
BRDA:490,56,1,4
BRDA:490,57,0,4
BRDA:490,57,1,0
BRDA:490,58,0,4
BRDA:490,58,1,4
BRDA:517,59,0,1
BRDA:517,59,1,17
BRDA:524,60,0,1
BRDA:524,60,1,0
BRDA:526,61,0,0
BRDA:526,61,1,2
BRDA:528,62,0,2
BRDA:528,62,1,0
BRDA:531,63,0,2
BRDA:531,63,1,2
BRDA:560,64,0,4
BRDA:560,64,1,14
BRDA:567,65,0,18
BRDA:567,65,1,0
BRDA:569,66,0,2
BRDA:569,66,1,16
BRDA:573,67,0,2
BRDA:573,67,1,0
BRDA:575,68,0,0
BRDA:575,68,1,0
BRDA:577,69,0,0
BRDA:577,69,1,0
BRDA:580,70,0,0
BRDA:580,70,1,0
BRDA:580,71,0,0
BRDA:580,71,1,0
BRDA:583,72,0,0
BRDA:583,72,1,0
BRDA:589,73,0,3
BRDA:589,73,1,0
BRDA:605,74,0,18
BRDA:605,74,1,0
BRDA:620,75,0,19
BRDA:620,75,1,19
BRDA:621,76,0,19
BRDA:621,76,1,18
BRDA:627,77,0,19
BRDA:627,77,1,19
BRDA:642,78,0,6
BRDA:642,78,1,4
BRDA:643,79,0,6
BRDA:643,79,1,2
BRDA:646,80,0,6
BRDA:646,80,1,6
BRDA:647,81,0,6
BRDA:647,81,1,6
BRDA:650,82,0,6
BRDA:650,82,1,2
BRDA:681,83,0,2
BRDA:681,83,1,16
BRDA:681,84,0,18
BRDA:681,84,1,18
BRF:169
BRH:120
end_of_record
TN:
SF:src\services\newsFeed\candidateManager.js
FN:11,createCandidateManager
FN:14,(anonymous_1)
FN:36,addSubscriptionCandidates
FN:47,(anonymous_3)
FNF:4
FNH:4
FNDA:12,createCandidateManager
FNDA:16,(anonymous_1)
FNDA:10,addSubscriptionCandidates
FNDA:9,(anonymous_3)
DA:5,2
DA:12,12
DA:14,12
DA:15,16
DA:17,12
DA:18,12
DA:19,11
DA:28,12
DA:39,10
DA:41,8
DA:47,8
DA:48,9
DA:49,9
DA:53,8
DA:56,2
LF:15
LH:15
BRDA:15,0,0,4
BRDA:15,0,1,12
BRDA:18,1,0,11
BRDA:18,1,1,1
BRDA:21,2,0,11
BRDA:21,2,1,1
BRDA:23,3,0,11
BRDA:23,3,1,10
BRDA:39,4,0,2
BRDA:39,4,1,8
BRDA:48,5,0,9
BRDA:48,5,1,0
BRF:12
BRH:11
end_of_record
TN:
SF:src\services\newsFeed\imageExtractor.js
FN:22,extractFirstImage
FNF:1
FNH:1
FNDA:35,extractFirstImage
DA:6,4
DA:23,35
DA:24,12
DA:28,23
DA:34,23
DA:35,23
DA:36,4
DA:40,19
DA:41,19
DA:42,13
DA:47,6
DA:48,6
DA:49,3
DA:53,3
DA:56,4
LF:15
LH:15
BRDA:23,0,0,12
BRDA:23,0,1,23
BRDA:23,1,0,35
BRDA:23,1,1,25
BRDA:35,2,0,4
BRDA:35,2,1,19
BRDA:35,3,0,23
BRDA:35,3,1,4
BRDA:41,4,0,13
BRDA:41,4,1,6
BRDA:41,5,0,19
BRDA:41,5,1,13
BRDA:48,6,0,3
BRDA:48,6,1,3
BRDA:48,7,0,6
BRDA:48,7,1,3
BRF:16
BRH:16
end_of_record
TN:
SF:src\services\newsFeed\newsFeedUserManager.js
FN:13,getUserAndFollowedGames
FN:19,(anonymous_1)
FN:33,optimizeCandidates
FN:38,(anonymous_3)
FN:40,(anonymous_4)
FN:43,(anonymous_5)
FNF:6
FNH:6
FNDA:10,getUserAndFollowedGames
FNDA:10,(anonymous_1)
FNDA:10,optimizeCandidates
FNDA:304,(anonymous_3)
FNDA:7,(anonymous_4)
FNDA:5,(anonymous_5)
DA:5,2
DA:6,2
DA:14,10
DA:15,10
DA:17,10
DA:18,9
DA:19,10
DA:22,10
DA:34,10
DA:35,10
DA:37,10
DA:39,304
DA:40,7
DA:42,304
DA:43,5
DA:45,304
DA:46,304
DA:47,304
DA:51,10
DA:54,2
LF:20
LH:20
BRDA:17,0,0,9
BRDA:17,0,1,1
BRDA:45,1,0,3
BRDA:45,1,1,301
BRDA:46,2,0,3
BRDA:46,2,1,301
BRF:6
BRH:6
end_of_record
TN:
SF:src\services\newsFeed\newsProcessor.js
FN:20,mapWithConcurrency
FN:25,(anonymous_1)
FN:45,processNewsForGames
FN:51,(anonymous_3)
FN:65,(anonymous_4)
FN:116,filterAndSortNews
FN:118,(anonymous_6)
FNF:7
FNH:7
FNDA:13,mapWithConcurrency
FNDA:25,(anonymous_1)
FNDA:13,processNewsForGames
FNDA:40,(anonymous_3)
FNDA:13,(anonymous_4)
FNDA:9,filterAndSortNews
FNDA:8,(anonymous_6)
DA:5,2
DA:6,2
DA:13,2
DA:21,13
DA:22,13
DA:23,13
DA:25,13
DA:26,25
DA:27,25
DA:28,40
DA:29,40
DA:33,13
DA:34,13
DA:35,13
DA:46,13
DA:48,13
DA:52,40
DA:53,40
DA:60,39
DA:61,30
DA:64,9
DA:65,9
DA:66,13
DA:67,13
DA:68,11
DA:70,13
DA:87,9
DA:89,1
DA:90,1
DA:95,13
DA:96,13
DA:98,13
DA:99,40
DA:100,31
DA:102,9
DA:103,9
DA:104,9
DA:108,13
DA:117,9
DA:118,8
DA:121,9
DA:124,2
LF:42
LH:42
BRDA:45,0,0,5
BRDA:46,1,0,5
BRDA:46,2,0,5
BRDA:60,3,0,30
BRDA:60,3,1,9
BRDA:60,4,0,39
BRDA:60,4,1,39
BRDA:67,5,0,11
BRDA:67,5,1,2
BRDA:73,6,0,13
BRDA:73,6,1,12
BRDA:99,7,0,31
BRDA:99,7,1,9
BRDA:103,8,0,9
BRDA:103,8,1,0
BRDA:116,9,0,1
BRDA:118,10,0,8
BRDA:118,10,1,1
BRDA:118,11,0,8
BRDA:118,11,1,2
BRF:20
BRH:19
end_of_record
TN:
SF:src\services\notifications\notificationService.js
FN:21,sendNotification
FN:46,sendNewsNotification
FN:77,(anonymous_2)
FN:145,sendFollowPromptNotifications
FN:170,(anonymous_4)
FN:217,(anonymous_5)
FNF:6
FNH:6
FNDA:4,sendNotification
FNDA:9,sendNewsNotification
FNDA:11,(anonymous_2)
FNDA:8,sendFollowPromptNotifications
FNDA:3,(anonymous_4)
FNDA:1,(anonymous_5)
DA:6,1
DA:7,1
DA:8,1
DA:9,1
DA:10,1
DA:22,4
DA:23,4
DA:24,2
DA:27,2
DA:28,2
DA:30,1
DA:31,1
DA:55,9
DA:56,9
DA:58,9
DA:59,1
DA:60,1
DA:65,8
DA:66,1
DA:67,1
DA:70,7
DA:72,7
DA:73,1
DA:74,1
DA:77,11
DA:78,6
DA:81,6
DA:82,6
DA:83,6
DA:86,6
DA:91,6
DA:105,6
DA:106,6
DA:109,5
DA:110,1
DA:115,1
DA:126,1
DA:129,4
DA:131,1
DA:135,1
DA:146,8
DA:147,8
DA:148,2
DA:151,6
DA:153,6
DA:154,1
DA:155,1
DA:158,5
DA:159,1
DA:160,1
DA:163,4
DA:165,4
DA:166,1
DA:167,1
DA:170,3
DA:171,3
DA:172,3
DA:173,3
DA:175,3
DA:176,5
DA:177,1
DA:180,4
DA:188,4
DA:194,4
DA:196,4
DA:197,1
DA:199,1
DA:200,1
DA:205,1
DA:216,1
DA:217,1
DA:220,1
DA:221,1
DA:223,3
DA:224,3
DA:228,3
DA:230,0
DA:234,0
DA:238,1
LF:79
LH:77
BRDA:23,0,0,2
BRDA:23,0,1,2
BRDA:23,1,0,4
BRDA:23,1,1,3
BRDA:53,2,0,8
BRDA:58,3,0,1
BRDA:58,3,1,8
BRDA:65,4,0,1
BRDA:65,4,1,7
BRDA:70,5,0,7
BRDA:70,5,1,0
BRDA:72,6,0,1
BRDA:72,6,1,6
BRDA:78,7,0,6
BRDA:78,7,1,0
BRDA:86,8,0,6
BRDA:86,8,1,5
BRDA:109,9,0,1
BRDA:109,9,1,4
BRDA:109,10,0,5
BRDA:109,10,1,5
BRDA:109,10,2,1
BRDA:145,11,0,0
BRDA:147,12,0,2
BRDA:147,12,1,6
BRDA:147,13,0,8
BRDA:147,13,1,7
BRDA:153,14,0,1
BRDA:153,14,1,5
BRDA:158,15,0,1
BRDA:158,15,1,4
BRDA:163,16,0,4
BRDA:163,16,1,0
BRDA:165,17,0,1
BRDA:165,17,1,3
BRDA:173,18,0,3
BRDA:173,18,1,0
BRDA:176,19,0,1
BRDA:176,19,1,4
BRDA:183,20,0,4
BRDA:183,20,1,0
BRDA:190,21,0,4
BRDA:190,21,1,3
BRDA:196,22,0,1
BRDA:196,22,1,3
BRDA:196,23,0,4
BRDA:196,23,1,4
BRDA:196,23,2,1
BRDA:199,24,0,1
BRDA:199,24,1,0
BRDA:220,25,0,1
BRDA:220,25,1,0
BRDA:223,26,0,3
BRDA:223,26,1,0
BRF:54
BRH:45
end_of_record
TN:
SF:src\services\notifications\providers.js
FN:19,initializeFirebase
FN:94,simulationProvider
FN:101,(anonymous_2)
FN:116,oneSignalProvider
FN:131,firebaseProvider
FN:151,(anonymous_5)
FN:230,(anonymous_6)
FN:289,getActiveProvider
FNF:8
FNH:8
FNDA:8,initializeFirebase
FNDA:3,simulationProvider
FNDA:3,(anonymous_2)
FNDA:1,oneSignalProvider
FNDA:8,firebaseProvider
FNDA:12,(anonymous_5)
FNDA:4,(anonymous_6)
FNDA:5,getActiveProvider
DA:6,29
DA:7,29
DA:8,29
DA:9,29
DA:12,29
DA:13,29
DA:20,8
DA:21,0
DA:24,8
DA:25,8
DA:27,8
DA:30,8
DA:31,8
DA:32,8
DA:33,8
DA:34,7
DA:36,1
DA:40,1
DA:41,1
DA:45,0
DA:46,0
DA:48,0
DA:53,0
DA:54,0
DA:58,0
DA:59,0
DA:62,0
DA:63,0
DA:67,0
DA:68,0
DA:69,0
DA:72,7
DA:76,7
DA:77,7
DA:79,7
DA:80,7
DA:82,0
DA:83,0
DA:84,0
DA:95,3
DA:96,3
DA:101,3
DA:103,3
DA:105,0
DA:106,0
DA:119,1
DA:132,8
DA:133,8
DA:134,1
DA:135,1
DA:138,7
DA:140,7
DA:141,1
DA:142,1
DA:147,6
DA:149,6
DA:152,12
DA:153,11
DA:155,12
DA:162,6
DA:164,6
DA:189,6
DA:190,4
DA:194,4
DA:200,6
DA:214,6
DA:219,6
DA:228,6
DA:229,2
DA:230,2
DA:231,4
DA:232,3
DA:236,3
DA:243,3
DA:250,3
DA:251,2
DA:255,2
DA:256,1
DA:257,1
DA:262,0
DA:270,2
DA:271,1
DA:278,5
DA:280,0
DA:281,0
DA:290,5
DA:294,5
DA:296,1
DA:298,2
DA:301,2
DA:305,29
LF:91
LH:70
BRDA:20,0,0,0
BRDA:20,0,1,8
BRDA:30,1,0,8
BRDA:30,1,1,0
BRDA:45,2,0,0
BRDA:45,2,1,0
BRDA:53,3,0,0
BRDA:53,3,1,0
BRDA:133,4,0,1
BRDA:133,4,1,7
BRDA:138,5,0,4
BRDA:138,5,1,3
BRDA:140,6,0,1
BRDA:140,6,1,6
BRDA:147,7,0,1
BRDA:147,7,1,5
BRDA:151,8,0,6
BRDA:151,8,1,0
BRDA:152,9,0,11
BRDA:152,9,1,1
BRDA:162,10,0,6
BRDA:162,10,1,5
BRDA:167,11,0,6
BRDA:167,11,1,0
BRDA:168,12,0,6
BRDA:168,12,1,0
BRDA:189,13,0,4
BRDA:189,13,1,2
BRDA:191,14,0,4
BRDA:191,14,1,0
BRDA:192,15,0,4
BRDA:192,15,1,0
BRDA:202,16,0,2
BRDA:202,16,1,4
BRDA:228,17,0,2
BRDA:228,17,1,4
BRDA:231,18,0,3
BRDA:231,18,1,1
BRDA:250,19,0,2
BRDA:250,19,1,1
BRDA:256,20,0,1
BRDA:256,20,1,0
BRDA:270,21,0,1
BRDA:270,21,1,1
BRDA:291,22,0,5
BRDA:291,22,1,0
BRDA:294,23,0,1
BRDA:294,23,1,2
BRDA:294,23,2,1
BRDA:294,23,3,2
BRF:50
BRH:37
end_of_record
TN:
SF:src\services\notifications\templates.js
FN:21,(anonymous_0)
FN:22,(anonymous_1)
FN:23,(anonymous_2)
FN:24,(anonymous_3)
FN:25,(anonymous_4)
FN:26,(anonymous_5)
FN:29,(anonymous_6)
FN:31,(anonymous_7)
FN:33,(anonymous_8)
FN:35,(anonymous_9)
FN:37,(anonymous_10)
FN:39,(anonymous_11)
FN:84,getTemplateLanguage
FN:88,createNewsNotification
FN:114,createAutoFollowNotification
FN:128,createFollowPromptNotification
FN:158,createGeneralNotification
FNF:17
FNH:13
FNDA:1,(anonymous_0)
FNDA:1,(anonymous_1)
FNDA:1,(anonymous_2)
FNDA:1,(anonymous_3)
FNDA:1,(anonymous_4)
FNDA:1,(anonymous_5)
FNDA:12,(anonymous_6)
FNDA:5,(anonymous_7)
FNDA:0,(anonymous_8)
FNDA:0,(anonymous_9)
FNDA:0,(anonymous_10)
FNDA:0,(anonymous_11)
FNDA:39,getTemplateLanguage
FNDA:16,createNewsNotification
FNDA:6,createAutoFollowNotification
FNDA:17,createFollowPromptNotification
FNDA:2,createGeneralNotification
DA:1,2
DA:3,2
DA:21,1
DA:22,1
DA:23,1
DA:24,1
DA:25,1
DA:26,1
DA:30,12
DA:32,5
DA:34,0
DA:36,0
DA:38,0
DA:40,0
DA:85,39
DA:95,16
DA:97,16
DA:115,6
DA:117,6
DA:135,17
DA:137,17
DA:140,17
DA:159,2
DA:169,2
LF:24
LH:20
BRDA:30,0,0,12
BRDA:30,0,1,2
BRDA:32,1,0,5
BRDA:32,1,1,1
BRDA:34,2,0,0
BRDA:34,2,1,0
BRDA:36,3,0,0
BRDA:36,3,1,0
BRDA:38,4,0,0
BRDA:38,4,1,0
BRDA:40,5,0,0
BRDA:40,5,1,0
BRDA:91,6,0,0
BRDA:92,7,0,6
BRDA:93,8,0,6
BRDA:98,9,0,16
BRDA:98,9,1,4
BRDA:104,10,0,7
BRDA:104,10,1,9
BRDA:106,11,0,2
BRDA:106,11,1,14
BRDA:107,12,0,2
BRDA:107,12,1,14
BRDA:108,13,0,16
BRDA:108,13,1,15
BRDA:114,14,0,0
BRDA:131,15,0,0
BRDA:132,16,0,0
BRDA:133,17,0,12
BRDA:137,18,0,17
BRDA:137,18,1,1
BRDA:151,19,0,17
BRDA:151,19,1,3
BRDA:153,20,0,5
BRDA:153,20,1,12
BRDA:158,21,0,1
BRF:36
BRH:24
end_of_record
TN:
SF:src\services\steam\apiClient.js
FN:33,(anonymous_0)
FN:46,(anonymous_1)
FN:51,(anonymous_2)
FN:56,(anonymous_3)
FN:84,makeApiCall
FN:117,fetchUserGames
FN:140,fetchRecentlyPlayedGames
FN:167,fetchGameNews
FN:208,fetchUserProfile
FN:237,fetchGameDetails
FN:274,fetchUserWishlist
FN:297,(anonymous_11)
FN:308,searchGames
FN:321,(anonymous_13)
FNF:14
FNH:14
FNDA:17,(anonymous_0)
FNDA:7,(anonymous_1)
FNDA:4,(anonymous_2)
FNDA:4,(anonymous_3)
FNDA:17,makeApiCall
FNDA:4,fetchUserGames
FNDA:2,fetchRecentlyPlayedGames
FNDA:6,fetchGameNews
FNDA:2,fetchUserProfile
FNDA:3,fetchGameDetails
FNDA:3,fetchUserWishlist
FNDA:2,(anonymous_11)
FNDA:4,searchGames
FNDA:2,(anonymous_13)
DA:6,2
DA:7,2
DA:12,2
DA:13,2
DA:15,2
DA:16,2
DA:34,17
DA:35,17
DA:36,17
DA:37,17
DA:38,17
DA:39,17
DA:47,7
DA:52,4
DA:57,4
DA:62,2
DA:73,2
DA:85,17
DA:86,17
DA:87,17
DA:88,14
DA:92,3
DA:93,3
DA:94,3
DA:103,3
DA:108,3
DA:118,4
DA:119,0
DA:120,0
DA:123,4
DA:131,4
DA:132,2
DA:141,2
DA:142,0
DA:143,0
DA:146,2
DA:153,2
DA:158,2
DA:173,6
DA:174,6
DA:176,6
DA:185,6
DA:186,5
DA:191,6
DA:198,6
DA:200,6
DA:209,2
DA:215,2
DA:220,2
DA:221,2
DA:223,2
DA:224,0
DA:225,0
DA:228,2
DA:238,3
DA:239,3
DA:250,2
DA:251,2
DA:252,1
DA:260,1
DA:263,1
DA:275,3
DA:276,0
DA:277,0
DA:280,3
DA:282,3
DA:283,3
DA:288,3
DA:294,2
DA:296,2
DA:297,2
DA:303,1
DA:304,1
DA:309,4
DA:310,4
DA:317,3
DA:318,1
DA:321,2
DA:328,2
DA:330,1
DA:331,1
DA:335,2
LF:82
LH:74
BRDA:33,0,0,0
BRDA:33,1,0,0
BRDA:33,2,0,14
BRDA:33,3,0,14
BRDA:33,4,0,14
BRDA:39,5,0,3
BRDA:39,5,1,14
BRDA:47,6,0,7
BRDA:47,6,1,5
BRDA:57,7,0,4
BRDA:57,7,1,3
BRDA:57,7,2,2
BRDA:84,8,0,11
BRDA:85,9,0,11
BRDA:92,10,0,3
BRDA:92,10,1,1
BRDA:93,11,0,3
BRDA:93,11,1,2
BRDA:118,12,0,0
BRDA:118,12,1,4
BRDA:132,13,0,2
BRDA:132,13,1,1
BRDA:141,14,0,0
BRDA:141,14,1,2
BRDA:158,15,0,2
BRDA:158,15,1,1
BRDA:167,16,0,0
BRDA:169,17,0,1
BRDA:170,18,0,6
BRDA:171,19,0,5
BRDA:172,20,0,5
BRDA:174,21,0,6
BRDA:174,21,1,1
BRDA:185,22,0,5
BRDA:185,22,1,1
BRDA:198,23,0,6
BRDA:198,23,1,0
BRDA:220,24,0,2
BRDA:220,24,1,0
BRDA:221,25,0,1
BRDA:221,25,1,1
BRDA:223,26,0,0
BRDA:223,26,1,2
BRDA:223,27,0,2
BRDA:223,27,1,1
BRDA:237,28,0,2
BRDA:251,29,0,1
BRDA:251,29,1,1
BRDA:251,30,0,2
BRDA:251,30,1,1
BRDA:275,31,0,0
BRDA:275,31,1,3
BRDA:294,32,0,2
BRDA:294,32,1,1
BRDA:308,33,0,3
BRDA:317,34,0,1
BRDA:317,34,1,2
BRDA:317,35,0,3
BRDA:317,35,1,2
BRDA:324,36,0,2
BRDA:324,36,1,1
BRDA:325,37,0,2
BRDA:325,37,1,1
BRF:63
BRH:54
end_of_record
TN:
SF:src\services\steam\gameFormatter.js
FN:11,formatGame
FN:49,getLastUpdateTimestamp
FN:58,(anonymous_2)
FNF:3
FNH:3
FNDA:15,formatGame
FNDA:7,getLastUpdateTimestamp
FNDA:2,(anonymous_2)
DA:12,15
DA:13,15
DA:15,15
DA:19,15
DA:50,7
DA:53,7
DA:54,2
DA:57,5
DA:58,3
DA:59,3
DA:60,1
DA:64,7
DA:67,2
LF:13
LH:13
BRDA:11,0,0,13
BRDA:15,1,0,12
BRDA:15,1,1,3
BRDA:15,2,0,15
BRDA:15,2,1,14
BRDA:23,3,0,13
BRDA:23,3,1,2
BRDA:23,4,0,15
BRDA:23,4,1,14
BRDA:26,5,0,13
BRDA:26,5,1,2
BRDA:29,6,0,14
BRDA:29,6,1,1
BRDA:33,7,0,15
BRDA:33,7,1,1
BRDA:34,8,0,15
BRDA:34,8,1,1
BRDA:49,9,0,2
BRDA:53,10,0,2
BRDA:53,10,1,5
BRDA:53,11,0,7
BRDA:53,11,1,2
BRDA:57,12,0,3
BRDA:57,12,1,2
BRDA:57,13,0,5
BRDA:57,13,1,3
BRDA:59,14,0,1
BRDA:59,14,1,2
BRDA:59,15,0,3
BRDA:59,15,1,1
BRF:30
BRH:30
end_of_record
TN:
SF:src\services\steam\steamUserManager.js
FN:10,registerOrUpdateUser
FNF:1
FNH:1
FNDA:8,registerOrUpdateUser
DA:1,1
DA:6,1
DA:7,1
DA:8,1
DA:11,8
DA:12,8
DA:13,8
DA:16,8
DA:18,8
DA:19,2
DA:20,1
DA:21,1
DA:24,2
DA:25,2
DA:28,6
DA:30,6
DA:31,1
DA:34,5
DA:41,5
DA:43,5
DA:44,5
DA:45,2
DA:46,2
DA:47,2
DA:49,1
DA:52,3
DA:55,5
DA:56,5
DA:58,1
DA:59,1
DA:63,1
LF:31
LH:31
BRDA:13,0,0,6
BRDA:13,0,1,2
BRDA:18,1,0,2
BRDA:18,1,1,6
BRDA:19,2,0,1
BRDA:19,2,1,1
BRDA:19,3,0,2
BRDA:19,3,1,1
BRDA:30,4,0,1
BRDA:30,4,1,5
BRDA:44,5,0,2
BRDA:44,5,1,3
BRF:12
BRH:12
end_of_record
TN:
SF:src\services\steam\visibilityCheck.js
FN:12,checkGamesVisibility
FNF:1
FNH:1
FNDA:4,checkGamesVisibility
DA:10,1
DA:13,4
DA:14,4
DA:15,3
DA:17,3
DA:18,2
DA:21,3
DA:23,1
DA:24,1
DA:28,1
LF:10
LH:10
BRDA:15,0,0,3
BRDA:15,0,1,2
BRDA:17,1,0,2
BRDA:17,1,1,1
BRF:4
BRH:4
end_of_record
TN:
SF:src\services\users\followedGamesDetailsService.js
FN:15,(anonymous_0)
FN:21,normalizeEntry
FN:42,getFollowedGamesDetailsBySteamId
FN:57,(anonymous_3)
FN:59,(anonymous_4)
FN:80,(anonymous_5)
FN:82,(anonymous_6)
FN:84,(anonymous_7)
FN:87,(anonymous_8)
FN:111,(anonymous_9)
FNF:10
FNH:10
FNDA:17,(anonymous_0)
FNDA:9,normalizeEntry
FNDA:9,getFollowedGamesDetailsBySteamId
FNDA:9,(anonymous_3)
FNDA:9,(anonymous_4)
FNDA:1,(anonymous_5)
FNDA:7,(anonymous_6)
FNDA:1,(anonymous_7)
FNDA:9,(anonymous_8)
FNDA:5,(anonymous_9)
DA:10,2
DA:11,2
DA:12,2
DA:13,2
DA:15,2
DA:16,17
DA:22,9
DA:23,9
DA:24,0
DA:26,9
DA:27,9
DA:32,0
DA:43,9
DA:44,9
DA:45,2
DA:48,7
DA:52,7
DA:53,2
DA:56,5
DA:57,9
DA:59,9
DA:61,5
DA:79,5
DA:80,1
DA:82,7
DA:83,5
DA:84,1
DA:87,5
DA:88,9
DA:89,9
DA:90,9
DA:92,9
DA:96,9
DA:98,9
DA:111,5
DA:112,5
DA:115,5
DA:118,2
LF:38
LH:36
BRDA:16,0,0,17
BRDA:16,0,1,3
BRDA:22,1,0,0
BRDA:22,1,1,9
BRDA:23,2,0,0
BRDA:23,2,1,9
BRDA:26,3,0,9
BRDA:26,3,1,0
BRDA:29,4,0,9
BRDA:29,4,1,0
BRDA:44,5,0,2
BRDA:44,5,1,7
BRDA:48,6,0,7
BRDA:48,6,1,0
BRDA:52,7,0,2
BRDA:52,7,1,5
BRDA:92,8,0,9
BRDA:92,8,1,1
BRDA:92,8,2,8
BRDA:92,8,3,1
BRDA:92,8,4,7
BRDA:101,9,0,9
BRDA:101,9,1,8
BRDA:101,9,2,2
BRDA:101,9,3,1
BRDA:106,10,0,9
BRDA:106,10,1,8
BRDA:107,11,0,9
BRDA:107,11,1,0
BRF:29
BRH:23
end_of_record
TN:
SF:src\services\users\subscriptionManager.js
FN:14,isPlaceholderName
FN:27,addUserToGameSubscription
FN:30,(anonymous_2)
FN:77,removeUserFromGameSubscription
FN:86,(anonymous_4)
FNF:5
FNH:5
FNDA:19,isPlaceholderName
FNDA:11,addUserToGameSubscription
FNDA:1,(anonymous_2)
FNDA:3,removeUserFromGameSubscription
FNDA:3,(anonymous_4)
DA:5,1
DA:6,1
DA:12,1
DA:15,19
DA:16,19
DA:30,11
DA:31,11
DA:32,11
DA:37,11
DA:53,11
DA:54,11
DA:55,1
DA:56,10
DA:57,1
DA:62,11
DA:63,1
DA:66,11
DA:67,3
DA:78,3
DA:80,3
DA:81,1
DA:85,2
DA:86,3
DA:90,2
DA:91,1
DA:92,1
DA:94,1
DA:95,1
DA:99,1
LF:29
LH:29
BRDA:15,0,0,0
BRDA:15,0,1,19
BRDA:15,1,0,19
BRDA:15,1,1,19
BRDA:31,2,0,11
BRDA:31,2,1,9
BRDA:31,2,2,6
BRDA:42,3,0,11
BRDA:42,3,1,1
BRDA:54,4,0,1
BRDA:54,4,1,10
BRDA:54,5,0,11
BRDA:54,5,1,2
BRDA:56,6,0,1
BRDA:56,6,1,9
BRDA:56,7,0,10
BRDA:56,7,1,4
BRDA:62,8,0,1
BRDA:62,8,1,10
BRDA:62,9,0,11
BRDA:62,9,1,10
BRDA:62,9,2,9
BRDA:66,10,0,3
BRDA:66,10,1,8
BRDA:80,11,0,1
BRDA:80,11,1,2
BRDA:90,12,0,1
BRDA:90,12,1,1
BRF:28
BRH:27
end_of_record
TN:
SF:src\services\users\userGameProcessor.js
FN:13,sanitizeActiveGames
FN:17,(anonymous_1)
FN:42,(anonymous_2)
FN:46,(anonymous_3)
FNF:4
FNH:4
FNDA:9,sanitizeActiveGames
FNDA:319,(anonymous_1)
FNDA:312,(anonymous_2)
FNDA:1651,(anonymous_3)
DA:5,2
DA:6,2
DA:14,9
DA:16,9
DA:18,319
DA:19,319
DA:20,319
DA:22,319
DA:23,8
DA:24,311
DA:25,304
DA:26,7
DA:27,3
DA:28,3
DA:31,319
DA:32,7
DA:35,312
DA:43,312
DA:44,312
DA:46,1651
DA:50,2
LF:21
LH:21
BRDA:18,0,0,315
BRDA:18,0,1,4
BRDA:19,1,0,317
BRDA:19,1,1,2
BRDA:22,2,0,8
BRDA:22,2,1,311
BRDA:24,3,0,304
BRDA:24,3,1,7
BRDA:26,4,0,3
BRDA:26,4,1,4
BRDA:28,5,0,1
BRDA:28,5,1,2
BRDA:31,6,0,7
BRDA:31,6,1,312
BRDA:31,7,0,319
BRDA:31,7,1,315
BRDA:37,8,0,312
BRDA:37,8,1,1
BRDA:44,9,0,312
BRDA:44,9,1,311
BRF:20
BRH:20
end_of_record
TN:
SF:src\services\users\userNotificationSettingsService.js
FN:13,parseFollowMode
FN:42,parseOptionalBoolean
FN:72,buildNotificationSettingsPatch
FN:154,applyNotificationSettingsPatchToUser
FNF:4
FNH:4
FNDA:32,parseFollowMode
FNDA:68,parseOptionalBoolean
FNDA:18,buildNotificationSettingsPatch
FNDA:3,applyNotificationSettingsPatchToUser
DA:6,2
DA:14,32
DA:15,21
DA:18,11
DA:19,8
DA:20,8
DA:21,2
DA:25,6
DA:28,3
DA:29,3
DA:32,0
DA:43,68
DA:44,59
DA:47,9
DA:48,5
DA:51,4
DA:52,4
DA:53,4
DA:54,1
DA:56,3
DA:57,2
DA:61,1
DA:82,18
DA:86,18
DA:87,18
DA:88,18
DA:91,17
DA:97,1
DA:100,17
DA:102,17
DA:103,17
DA:107,15
DA:108,7
DA:111,15
DA:117,15
DA:118,2
DA:121,2
DA:124,15
DA:125,6
DA:128,15
DA:129,2
DA:133,15
DA:134,15
DA:139,0
DA:141,15
DA:142,1
DA:145,15
DA:155,3
DA:156,1
DA:158,3
DA:161,2
LF:51
LH:49
BRDA:14,0,0,21
BRDA:14,0,1,11
BRDA:14,1,0,32
BRDA:14,1,1,11
BRDA:18,2,0,8
BRDA:18,2,1,3
BRDA:20,3,0,2
BRDA:20,3,1,6
BRDA:28,4,0,3
BRDA:28,4,1,0
BRDA:29,5,0,2
BRDA:29,5,1,1
BRDA:43,6,0,59
BRDA:43,6,1,9
BRDA:43,7,0,68
BRDA:43,7,1,10
BRDA:47,8,0,5
BRDA:47,8,1,4
BRDA:51,9,0,4
BRDA:51,9,1,0
BRDA:53,10,0,1
BRDA:53,10,1,3
BRDA:56,11,0,2
BRDA:56,11,1,1
BRDA:89,12,0,18
BRDA:89,12,1,12
BRDA:92,13,0,17
BRDA:92,13,1,17
BRDA:105,14,0,8
BRDA:105,14,1,9
BRDA:107,15,0,7
BRDA:107,15,1,8
BRDA:113,16,0,2
BRDA:113,16,1,13
BRDA:117,17,0,2
BRDA:117,17,1,13
BRDA:124,18,0,6
BRDA:124,18,1,9
BRDA:128,19,0,2
BRDA:128,19,1,13
BRDA:141,20,0,1
BRDA:141,20,1,14
BRDA:155,21,0,1
BRDA:155,21,1,2
BRF:44
BRH:42
end_of_record
TN:
SF:src\utils\followedGamesHelpers.js
FN:16,getFollowedAppIds
FN:22,(anonymous_1)
FN:36,buildFollowedGamesEntry
FN:48,hasFollowedGame
FNF:4
FNH:4
FNDA:52,getFollowedAppIds
FNDA:40,(anonymous_1)
FNDA:8,buildFollowedGamesEntry
FNDA:10,hasFollowedGame
DA:17,52
DA:18,8
DA:21,44
DA:23,40
DA:24,38
DA:25,35
DA:26,3
DA:37,8
DA:49,10
DA:50,6
DA:53,7
LF:11
LH:11
BRDA:17,0,0,8
BRDA:17,0,1,44
BRDA:17,1,0,52
BRDA:17,1,1,48
BRDA:23,2,0,2
BRDA:23,2,1,38
BRDA:24,3,0,3
BRDA:24,3,1,35
BRDA:25,4,0,32
BRDA:25,4,1,3
BRDA:49,5,0,4
BRDA:49,5,1,6
BRF:12
BRH:12
end_of_record
TN:
SF:src\utils\language.js
FN:4,isSupportedAppLanguage
FN:20,(anonymous_1)
FN:24,normalizeAppLanguage
FN:81,toSteamStoreLanguage
FN:86,toSteamNewsLanguage
FNF:5
FNH:5
FNDA:151,isSupportedAppLanguage
FNDA:223,(anonymous_1)
FNDA:117,normalizeAppLanguage
FNDA:9,toSteamStoreLanguage
FNDA:22,toSteamNewsLanguage
DA:1,8
DA:2,8
DA:5,151
DA:6,18
DA:9,133
DA:11,133
DA:12,11
DA:15,122
DA:16,7
DA:19,115
DA:20,223
DA:25,117
DA:26,17
DA:29,100
DA:31,100
DA:32,8
DA:35,92
DA:36,5
DA:39,87
DA:40,81
DA:43,6
DA:44,5
DA:47,1
DA:48,1
DA:51,0
DA:52,0
DA:55,0
DA:56,0
DA:59,0
DA:62,8
DA:72,8
DA:82,9
DA:83,9
DA:87,22
DA:88,22
DA:91,8
LF:36
LH:31
BRDA:5,0,0,18
BRDA:5,0,1,133
BRDA:11,1,0,11
BRDA:11,1,1,122
BRDA:15,2,0,7
BRDA:15,2,1,115
BRDA:20,3,0,223
BRDA:20,3,1,131
BRDA:25,4,0,17
BRDA:25,4,1,100
BRDA:31,5,0,8
BRDA:31,5,1,92
BRDA:35,6,0,5
BRDA:35,6,1,87
BRDA:39,7,0,81
BRDA:39,7,1,6
BRDA:43,8,0,5
BRDA:43,8,1,1
BRDA:47,9,0,1
BRDA:47,9,1,0
BRDA:51,10,0,0
BRDA:51,10,1,0
BRDA:55,11,0,0
BRDA:55,11,1,0
BRDA:83,12,0,9
BRDA:83,12,1,0
BRDA:88,13,0,22
BRDA:88,13,1,0
BRF:28
BRH:21
end_of_record
TN:
SF:src\utils\userBucket.js
FN:5,stableHash
FN:14,userBucket
FN:25,isInBucket
FNF:3
FNH:3
FNDA:1150,stableHash
FNDA:1150,userBucket
FNDA:115,isInBucket
DA:6,1150
DA:7,1150
DA:8,1150
DA:9,27455
DA:11,1150
DA:16,1150
DA:21,1150
DA:22,1150
DA:26,115
DA:27,115
DA:28,115
DA:29,5
DA:31,110
DA:34,3
LF:14
LH:14
BRDA:6,0,0,1150
BRDA:6,0,1,0
BRDA:16,1,0,1150
BRDA:16,1,1,12
BRDA:16,1,2,11
BRDA:16,1,3,5
BRDA:16,1,4,4
BRDA:21,2,0,1146
BRDA:21,2,1,4
BRDA:26,3,0,115
BRDA:26,3,1,0
BRDA:28,4,0,5
BRDA:28,4,1,110
BRDA:28,5,0,115
BRDA:28,5,1,113
BRDA:28,5,2,112
BRF:16
BRH:14
end_of_record
